01:24:51.338 [main                     ] DEBUG Logger               - Configured Logger
01:24:51.373 [main                     ] DEBUG GameApplication      - Logging settings
Title: Demo 2048
Version: 1.0
Width: 1200
Height: 800
Fullscreen: false
Intro: false
Profiling: false
Single step:false
App Mode: RELEASE
Menu Key: ESCAPE
Stage Style: DECORATED
Scene Factory: class com.krillsong.finalweek2048.FinalWeek2048App$1

01:24:51.986 [JavaFX Application Thread] DEBUG FXGLApplication      - Initializing FXGL
01:24:51.989 [JavaFX Application Thread] INFO  Engine               - FXGL-11.17 (16.07.2021 15.46) on WINDOWS (J:11.0.11 FX:16)
01:24:51.989 [JavaFX Application Thread] DEBUG Engine               - JRE Vendor Name: Oracle Corporation
01:24:51.989 [JavaFX Application Thread] DEBUG Engine               - Running on OS: Windows 10 version 10.0
01:24:51.990 [JavaFX Application Thread] DEBUG Engine               - Architecture: amd64
01:24:51.990 [JavaFX Application Thread] INFO  Engine               - Source code and latest versions at: https://github.com/AlmasB/FXGL
01:24:51.990 [JavaFX Application Thread] INFO  Engine               -              Join the FXGL chat at: https://gitter.im/AlmasB/FXGL
01:24:52.119 [JavaFX Application Thread] DEBUG PrimaryStageWindow   - Creating a JavaFX scene
01:24:52.214 [JavaFX Application Thread] DEBUG PrimaryStageWindow   - Target settings size: 1200.0 x 800.0
01:24:52.214 [JavaFX Application Thread] DEBUG PrimaryStageWindow   - Scaled scene size:    1200.0 x 800.0
01:24:52.214 [JavaFX Application Thread] DEBUG PrimaryStageWindow   - Scaled ratio: (1.0, 1.0)
01:24:52.215 [JavaFX Application Thread] DEBUG PrimaryStageWindow   - Set initial scene to FXGLStartupScene
01:24:52.223 [JavaFX Application Thread] DEBUG PrimaryStageWindow   - Opening main window
01:24:52.316 [JavaFX Application Thread] DEBUG PrimaryStageWindow   - Window border size: (14.6666259765625, 37.33331298828125)
01:24:52.317 [JavaFX Application Thread] DEBUG PrimaryStageWindow   - Scaled size: 1200.0 x 800.0
01:24:52.317 [JavaFX Application Thread] DEBUG PrimaryStageWindow   - Scaled ratio: (1.0, 1.0)
01:24:52.317 [JavaFX Application Thread] DEBUG PrimaryStageWindow   - Scene size: 1200.0 x 800.0
01:24:52.318 [JavaFX Application Thread] DEBUG PrimaryStageWindow   - Stage size: 1214.6666259765625 x 837.3333129882812
01:24:52.328 [FXGL Background Thread 1 ] DEBUG Engine               - Initializing environment variables
01:24:52.406 [FXGL Background Thread 1 ] DEBUG FXGLAssetLoaderServi - User app class for loading assets: class com.krillsong.finalweek2048.FinalWeek2048App
01:24:52.406 [FXGL Background Thread 1 ] DEBUG GameApplicationServi - Applying CSS: fxgl_dark.css
01:24:52.408 [FXGL Background Thread 1 ] DEBUG FXGLAssetLoaderServi - Loading from file system: jar:file:///C:/Users/sesuii/.m2/repository/com/github/almasb/fxgl/11.17/fxgl-11.17.jar!/fxglassets/ui/css/fxgl_dark.css
01:24:52.483 [FXGL Background Thread 1 ] DEBUG GameApplicationServi - Initializing application scenes
01:24:52.582 [FXGL Background Thread 1 ] DEBUG GameWorld            - Game world initialized
01:24:52.651 [FXGL Background Thread 1 ] DEBUG PhysicsWorld         - Physics world initialized: appHeight=800, physics.ppm=50.0
01:24:52.652 [FXGL Background Thread 1 ] DEBUG PhysicsWorld         - Using strategy: BRUTE_FORCE
01:24:52.656 [FXGL Background Thread 1 ] DEBUG GameScene            - Game scene initialized: 1200x800
01:24:52.673 [FXGL Background Thread 1 ] DEBUG FXGL.DefaultMenu     - createMenuBodyMainMenu()
01:24:52.695 [FXGL Background Thread 1 ] DEBUG FXGL.DefaultMenu     - createOptionsMenu()
01:24:52.711 [FXGL Background Thread 1 ] DEBUG FXGLAssetLoaderServi - Loading from file system: jar:file:///C:/Users/sesuii/.m2/repository/com/github/almasb/fxgl/11.17/fxgl-11.17.jar!/fxglassets/textures/particles/smoke.png
01:24:52.849 [FXGL Background Thread 1 ] DEBUG FXGLAssetLoaderServi - Loading from file system: jar:file:///C:/Users/sesuii/.m2/repository/com/github/almasb/fxgl/11.17/fxgl-11.17.jar!/fxglassets/textures/particles/trace_horizontal.png
01:24:52.881 [FXGL Background Thread 1 ] DEBUG FXGLAssetLoaderServi - Loading from file system: jar:file:///C:/Users/sesuii/.m2/repository/com/github/almasb/fxgl/11.17/fxgl-11.17.jar!/fxglassets/textures/pause_menu_bg.png
01:24:52.897 [FXGL Background Thread 1 ] DEBUG GameApplicationServi - Application scenes initialized
01:24:52.907 [FXGL Background Thread 1 ] DEBUG SystemBundleService  - Loading FXGL system data
01:24:52.911 [FXGL Background Thread 1 ] DEBUG FileSystemAccess     - Reading from: D:\study\projects\FinalWeek2048\system\fxgl.bundle
01:24:52.916 [FXGL Background Thread 1 ] DEBUG SystemBundleService  - Bundle FXGL: {}
01:24:52.919 [FXGL Background Thread 3 ] DEBUG FXGLApplication      - Loading fonts
01:24:52.919 [FXGL Background Thread 1 ] DEBUG FXGLApplication      - Loading default localization
01:24:52.919 [FXGL Background Thread 3 ] DEBUG FXGLAssetLoaderServi - Loading from file system: jar:file:///C:/Users/sesuii/.m2/repository/com/github/almasb/fxgl/11.17/fxgl-11.17.jar!/fxglassets/ui/fonts/VarelaRound-Regular.ttf
01:24:52.919 [FXGL Background Thread 1 ] WARN  FXGLAssetLoaderServi - Asset "/assets/languages/chinese.lang" was not found!
01:24:52.920 [FXGL Background Thread 1 ] WARN  FXGLAssetLoaderServi - Failed to load PROPERTY_MAP
01:24:52.921 [FXGL Background Thread 1 ] WARN  LocalizationService  - menu.pressAnyKey is not localized for language CHINESE
01:24:52.923 [FXGL Background Thread 1 ] INFO  FXGLApplication      - FXGL initialization took: 0.594 sec
01:24:52.937 [JavaFX Application Thread] DEBUG Input                - Registered new binding: 玩家一向右移动 - D
01:24:52.938 [JavaFX Application Thread] DEBUG Input                - Registered new binding: 玩家一向左移动 - A
01:24:52.938 [JavaFX Application Thread] DEBUG Input                - Registered new binding: 玩家一释放方块 - S
01:24:52.939 [JavaFX Application Thread] DEBUG Input                - Registered new binding: 玩家二向左移动 - Left
01:24:52.939 [JavaFX Application Thread] DEBUG Input                - Registered new binding: 玩家二向右移动 - Right
01:24:52.940 [JavaFX Application Thread] DEBUG Input                - Registered new binding: 玩家二释放方块 - Down
01:24:52.941 [JavaFX Application Thread] DEBUG FXGLAssetLoaderServi - Loading from file system: jar:file:///C:/Users/sesuii/.m2/repository/com/github/almasb/fxgl/11.17/fxgl-11.17.jar!/fxglassets/textures/fxgl_icon.png
01:24:52.965 [JavaFX Application Thread] DEBUG FXGLAssetLoaderServi - Loading from file system: jar:file:///C:/Users/sesuii/.m2/repository/com/github/almasb/fxgl/11.17/fxgl-11.17.jar!/fxglassets/textures/fxgl_default_cursor.png
01:24:52.967 [JavaFX Application Thread] DEBUG Input                - Registered new binding: Screenshot - CTRL+8
01:24:52.969 [JavaFX Application Thread] DEBUG LoopRunner           - Starting loop
01:24:52.969 [JavaFX Application Thread] DEBUG LoopRunner           - Initializing JavaFX AnimationTimerLoop
01:24:52.972 [JavaFX Application Thread] DEBUG Input                - Clearing active input actions
01:24:52.984 [JavaFX Application Thread] DEBUG GameApplicationServi - Removing overlay from FXGLStartupScene and adding to FXGLMainMenuDummyScene
01:24:52.985 [JavaFX Application Thread] DEBUG PrimaryStageWindow   - FXGLStartupScene -> FXGLMainMenuDummyScene
01:24:52.985 [JavaFX Application Thread] DEBUG PrimaryStageWindow   - Push state: FXGLDefaultMenu
01:24:52.985 [JavaFX Application Thread] DEBUG Input                - Clearing active input actions
01:24:52.998 [JavaFX Application Thread] DEBUG GameApplicationServi - Removing overlay from FXGLMainMenuDummyScene and adding to FXGLDefaultMenu
01:24:52.998 [JavaFX Application Thread] DEBUG PrimaryStageWindow   - FXGLMainMenuDummyScene -> FXGLDefaultMenu
01:24:53.034 [JavaFX Application Thread] WARN  LocalizationService  - menu.newGame is not localized for language CHINESE
01:24:53.051 [JavaFX Application Thread] WARN  LocalizationService  - menu.options is not localized for language CHINESE
01:24:53.054 [JavaFX Application Thread] WARN  LocalizationService  - menu.exit is not localized for language CHINESE
01:24:53.227 [FXGL Background Thread 3 ] DEBUG FXGLAssetLoaderServi - Loading from file system: jar:file:///C:/Users/sesuii/.m2/repository/com/github/almasb/fxgl/11.17/fxgl-11.17.jar!/fxglassets/ui/fonts/Abel-Regular.ttf
01:24:53.266 [FXGL Background Thread 3 ] DEBUG FXGLAssetLoaderServi - Loading from file system: jar:file:///C:/Users/sesuii/.m2/repository/com/github/almasb/fxgl/11.17/fxgl-11.17.jar!/fxglassets/ui/fonts/lucida_console.ttf
01:24:53.342 [FXGL Background Thread 3 ] DEBUG FXGLAssetLoaderServi - Loading from file system: jar:file:///C:/Users/sesuii/.m2/repository/com/github/almasb/fxgl/11.17/fxgl-11.17.jar!/fxglassets/ui/fonts/Courier-Prime.ttf
01:24:53.378 [JavaFX Application Thread] DEBUG FXGLApplication      - Registering font factories with UI factory
01:24:55.272 [JavaFX Application Thread] WARN  LocalizationService  - menu.back is not localized for language CHINESE
01:24:55.274 [JavaFX Application Thread] WARN  LocalizationService  - menu.gameplay is not localized for language CHINESE
01:24:55.276 [JavaFX Application Thread] WARN  LocalizationService  - menu.controls is not localized for language CHINESE
01:24:55.279 [JavaFX Application Thread] WARN  LocalizationService  - menu.video is not localized for language CHINESE
01:24:55.280 [JavaFX Application Thread] WARN  LocalizationService  - menu.audio is not localized for language CHINESE
01:24:55.281 [JavaFX Application Thread] WARN  LocalizationService  - menu.restore is not localized for language CHINESE
01:24:55.917 [FXGL Background Thread 2 ] DEBUG Engine               - Logging environment variables
01:24:55.919 [FXGL Background Thread 2 ] DEBUG Engine               - achievements: []
01:24:55.920 [FXGL Background Thread 2 ] DEBUG Engine               - actualHeight: 800.0
01:24:55.920 [FXGL Background Thread 2 ] DEBUG Engine               - actualHeightProperty: ReadOnlyDoubleProperty [value: 800.0]
01:24:55.920 [FXGL Background Thread 2 ] DEBUG Engine               - actualWidth: 1200.0
01:24:55.921 [FXGL Background Thread 2 ] DEBUG Engine               - actualWidthProperty: ReadOnlyDoubleProperty [value: 1200.0]
01:24:55.921 [FXGL Background Thread 2 ] DEBUG Engine               - appIcon: fxgl_icon.png
01:24:55.921 [FXGL Background Thread 2 ] DEBUG Engine               - applicationMode: RELEASE
01:24:55.921 [FXGL Background Thread 2 ] DEBUG Engine               - cSSList: [fxgl_dark.css]
01:24:55.922 [FXGL Background Thread 2 ] DEBUG Engine               - collisionDetectionStrategy: BRUTE_FORCE
01:24:55.923 [FXGL Background Thread 2 ] DEBUG Engine               - configClass: Optional.empty
01:24:55.923 [FXGL Background Thread 2 ] DEBUG Engine               - credits: []
01:24:55.923 [FXGL Background Thread 2 ] DEBUG Engine               - defaultCursor: CursorInfo(imageName=fxgl_default_cursor.png, hotspotX=7.0, hotspotY=6.0)
01:24:55.923 [FXGL Background Thread 2 ] DEBUG Engine               - devBBoxColorProperty: ObjectProperty [value: 0xff0000ff]
01:24:55.924 [FXGL Background Thread 2 ] DEBUG Engine               - devEnableDebugCameraProperty: BooleanProperty [value: false]
01:24:55.924 [FXGL Background Thread 2 ] DEBUG Engine               - devSensorColorProperty: ObjectProperty [value: 0xffff00ff]
01:24:55.925 [FXGL Background Thread 2 ] DEBUG Engine               - devShowBBoxProperty: BooleanProperty [value: false]
01:24:55.925 [FXGL Background Thread 2 ] DEBUG Engine               - devShowPositionProperty: BooleanProperty [value: false]
01:24:55.925 [FXGL Background Thread 2 ] DEBUG Engine               - enabledMenuItems: []
01:24:55.926 [FXGL Background Thread 2 ] DEBUG Engine               - engineServices: [class com.almasb.fxgl.app.services.FXGLAssetLoaderService, class com.almasb.fxgl.app.FXGLApplication$GameApplicationService, class com.almasb.fxgl.app.services.FXGLDialogService, class com.almasb.fxgl.app.services.IOTaskExecutorService, class com.almasb.fxgl.io.FileSystemService, class com.almasb.fxgl.localization.LocalizationService, class com.almasb.fxgl.app.services.SystemBundleService, class com.almasb.fxgl.profile.SaveLoadService, class com.almasb.fxgl.ui.FXGLUIFactoryServiceProvider, class com.almasb.fxgl.ui.FXGLDialogFactoryServiceProvider, class com.almasb.fxgl.audio.AudioPlayer, class com.almasb.fxgl.notification.impl.NotificationServiceProvider, class com.almasb.fxgl.achievement.AchievementService, class com.almasb.fxgl.cutscene.CutsceneService, class com.almasb.fxgl.minigames.MiniGameService, class com.almasb.fxgl.net.NetService, class com.almasb.fxgl.app.services.UpdaterService, class com.almasb.fxgl.dev.DevService]
01:24:55.926 [FXGL Background Thread 2 ] DEBUG Engine               - fontGame: Abel-Regular.ttf
01:24:55.926 [FXGL Background Thread 2 ] DEBUG Engine               - fontMono: lucida_console.ttf
01:24:55.927 [FXGL Background Thread 2 ] DEBUG Engine               - fontText: Courier-Prime.ttf
01:24:55.927 [FXGL Background Thread 2 ] DEBUG Engine               - fontUI: VarelaRound-Regular.ttf
01:24:55.927 [FXGL Background Thread 2 ] DEBUG Engine               - fullScreen: BooleanProperty [value: false]
01:24:55.928 [FXGL Background Thread 2 ] DEBUG Engine               - gameDifficulty: MEDIUM
01:24:55.929 [FXGL Background Thread 2 ] DEBUG Engine               - gameDifficultyProperty: ObjectProperty [value: MEDIUM]
01:24:55.929 [FXGL Background Thread 2 ] DEBUG Engine               - globalMusicVolume: 0.5
01:24:55.930 [FXGL Background Thread 2 ] DEBUG Engine               - globalMusicVolumeProperty: DoubleProperty [value: 0.5]
01:24:55.930 [FXGL Background Thread 2 ] DEBUG Engine               - globalSoundVolume: 0.5
01:24:55.931 [FXGL Background Thread 2 ] DEBUG Engine               - globalSoundVolumeProperty: DoubleProperty [value: 0.5]
01:24:55.931 [FXGL Background Thread 2 ] DEBUG Engine               - height: 800
01:24:55.932 [FXGL Background Thread 2 ] DEBUG Engine               - is3D: false
01:24:55.932 [FXGL Background Thread 2 ] DEBUG Engine               - isAndroid: false
01:24:55.933 [FXGL Background Thread 2 ] DEBUG Engine               - isBrowser: false
01:24:55.933 [FXGL Background Thread 2 ] DEBUG Engine               - isClickFeedbackEnabled: false
01:24:55.933 [FXGL Background Thread 2 ] DEBUG Engine               - isCloseConfirmation: false
01:24:55.933 [FXGL Background Thread 2 ] DEBUG Engine               - isDesktop: true
01:24:55.934 [FXGL Background Thread 2 ] DEBUG Engine               - isDeveloperMenuEnabled: false
01:24:55.934 [FXGL Background Thread 2 ] DEBUG Engine               - isEntityPreloadEnabled: true
01:24:55.935 [FXGL Background Thread 2 ] DEBUG Engine               - isExperimentalTiledLargeMap: false
01:24:55.935 [FXGL Background Thread 2 ] DEBUG Engine               - isFileSystemWriteAllowed: true
01:24:55.935 [FXGL Background Thread 2 ] DEBUG Engine               - isFullScreenAllowed: false
01:24:55.936 [FXGL Background Thread 2 ] DEBUG Engine               - isFullScreenFromStart: false
01:24:55.936 [FXGL Background Thread 2 ] DEBUG Engine               - isGameMenuEnabled: true
01:24:55.937 [FXGL Background Thread 2 ] DEBUG Engine               - isIOS: false
01:24:55.937 [FXGL Background Thread 2 ] DEBUG Engine               - isIntroEnabled: false
01:24:55.938 [FXGL Background Thread 2 ] DEBUG Engine               - isLinux: false
01:24:55.938 [FXGL Background Thread 2 ] DEBUG Engine               - isMac: false
01:24:55.938 [FXGL Background Thread 2 ] DEBUG Engine               - isMainMenuEnabled: true
01:24:55.940 [FXGL Background Thread 2 ] DEBUG Engine               - isManualResizeEnabled: true
01:24:55.940 [FXGL Background Thread 2 ] DEBUG Engine               - isMobile: false
01:24:55.941 [FXGL Background Thread 2 ] DEBUG Engine               - isNative: false
01:24:55.942 [FXGL Background Thread 2 ] DEBUG Engine               - isPauseMusicWhenMinimized: true
01:24:55.942 [FXGL Background Thread 2 ] DEBUG Engine               - isPreserveResizeRatio: true
01:24:55.942 [FXGL Background Thread 2 ] DEBUG Engine               - isProfilingEnabled: false
01:24:55.942 [FXGL Background Thread 2 ] DEBUG Engine               - isScaleAffectedOnResize: true
01:24:55.943 [FXGL Background Thread 2 ] DEBUG Engine               - isSingleStep: false
01:24:55.944 [FXGL Background Thread 2 ] DEBUG Engine               - isUserProfileEnabled: false
01:24:55.944 [FXGL Background Thread 2 ] DEBUG Engine               - isWindows: true
01:24:55.945 [FXGL Background Thread 2 ] DEBUG Engine               - language: ObjectProperty [value: CHINESE]
01:24:55.945 [FXGL Background Thread 2 ] DEBUG Engine               - menuKey: ESCAPE
01:24:55.945 [FXGL Background Thread 2 ] DEBUG Engine               - mouseSensitivity: 0.2
01:24:55.945 [FXGL Background Thread 2 ] DEBUG Engine               - notificationViewClass: class com.almasb.fxgl.notification.view.XboxNotificationView
01:24:55.945 [FXGL Background Thread 2 ] DEBUG Engine               - pixelsPerMeter: 50.0
01:24:55.945 [FXGL Background Thread 2 ] DEBUG Engine               - platform: WINDOWS
01:24:55.946 [FXGL Background Thread 2 ] DEBUG Engine               - prefHeightProperty: ReadOnlyDoubleProperty [value: 800.0]
01:24:55.946 [FXGL Background Thread 2 ] DEBUG Engine               - prefWidthProperty: ReadOnlyDoubleProperty [value: 1200.0]
01:24:55.946 [FXGL Background Thread 2 ] DEBUG Engine               - profileDir: profiles/
01:24:55.947 [FXGL Background Thread 2 ] DEBUG Engine               - profileName: StringProperty [value: DEFAULT]
01:24:55.947 [FXGL Background Thread 2 ] DEBUG Engine               - randomSeed: -1
01:24:55.947 [FXGL Background Thread 2 ] DEBUG Engine               - runtimeInfo: RuntimeInfo(platform=WINDOWS, version=11.17, build=16.07.2021 15.46)
01:24:55.948 [FXGL Background Thread 2 ] DEBUG Engine               - saveFileExt: sav
01:24:55.949 [FXGL Background Thread 2 ] DEBUG Engine               - scaledHeightProp$fxgl: DoubleProperty [bound, value: 800.0]
01:24:55.949 [FXGL Background Thread 2 ] DEBUG Engine               - scaledWidthProp$fxgl: DoubleProperty [bound, value: 1200.0]
01:24:55.949 [FXGL Background Thread 2 ] DEBUG Engine               - sceneFactory: com.krillsong.finalweek2048.FinalWeek2048App$1@e088a10
01:24:55.950 [FXGL Background Thread 2 ] DEBUG Engine               - secondsIn24h: 60
01:24:55.950 [FXGL Background Thread 2 ] DEBUG Engine               - soundMenuBack: menu/back.wav
01:24:55.950 [FXGL Background Thread 2 ] DEBUG Engine               - soundMenuPress: menu/press.wav
01:24:55.951 [FXGL Background Thread 2 ] DEBUG Engine               - soundMenuSelect: menu/select.wav
01:24:55.951 [FXGL Background Thread 2 ] DEBUG Engine               - soundNotification: core/notification.wav
01:24:55.951 [FXGL Background Thread 2 ] DEBUG Engine               - stageStyle: DECORATED
01:24:55.952 [FXGL Background Thread 2 ] DEBUG Engine               - supportedLanguages: [ENGLISH, FRENCH, GERMAN, HUNGARIAN, RUSSIAN]
01:24:55.952 [FXGL Background Thread 2 ] DEBUG Engine               - ticksPerSecond: -1
01:24:55.953 [FXGL Background Thread 2 ] DEBUG Engine               - title: Demo 2048
01:24:55.953 [FXGL Background Thread 2 ] DEBUG Engine               - urlGithub: https://github.com/AlmasB/FXGL
01:24:55.953 [FXGL Background Thread 2 ] DEBUG Engine               - urlLeaderboard: http://fxgl-top.herokuapp.com/
01:24:55.954 [FXGL Background Thread 2 ] DEBUG Engine               - urlPOM: https://raw.githubusercontent.com/AlmasB/FXGL/release/README.md
01:24:55.954 [FXGL Background Thread 2 ] DEBUG Engine               - userAppClass: class com.krillsong.finalweek2048.FinalWeek2048App
01:24:55.955 [FXGL Background Thread 2 ] DEBUG Engine               - version: 1.0
01:24:55.955 [FXGL Background Thread 2 ] DEBUG Engine               - versionCheckDays: 7
01:24:55.955 [FXGL Background Thread 2 ] DEBUG Engine               - width: 1200
01:24:55.956 [FXGL Background Thread 2 ] DEBUG Engine               - Logging services
01:24:55.956 [FXGL Background Thread 2 ] DEBUG Engine               - class com.almasb.fxgl.app.services.FXGLAssetLoaderService
01:24:55.957 [FXGL Background Thread 2 ] DEBUG Engine               - class com.almasb.fxgl.app.FXGLApplication$GameApplicationService
01:24:55.957 [FXGL Background Thread 2 ] DEBUG Engine               - class com.almasb.fxgl.app.services.FXGLDialogService
01:24:55.958 [FXGL Background Thread 2 ] DEBUG Engine               - class com.almasb.fxgl.app.services.IOTaskExecutorService
01:24:55.958 [FXGL Background Thread 2 ] DEBUG Engine               - class com.almasb.fxgl.io.FileSystemService
01:24:55.959 [FXGL Background Thread 2 ] DEBUG Engine               - class com.almasb.fxgl.localization.LocalizationService
01:24:55.959 [FXGL Background Thread 2 ] DEBUG Engine               - class com.almasb.fxgl.app.services.SystemBundleService
01:24:55.959 [FXGL Background Thread 2 ] DEBUG Engine               - class com.almasb.fxgl.profile.SaveLoadService
01:24:55.960 [FXGL Background Thread 2 ] DEBUG Engine               - class com.almasb.fxgl.ui.FXGLUIFactoryServiceProvider
01:24:55.960 [FXGL Background Thread 2 ] DEBUG Engine               - class com.almasb.fxgl.ui.FXGLDialogFactoryServiceProvider
01:24:55.961 [FXGL Background Thread 2 ] DEBUG Engine               - class com.almasb.fxgl.audio.AudioPlayer
01:24:55.961 [FXGL Background Thread 2 ] DEBUG Engine               - class com.almasb.fxgl.notification.impl.NotificationServiceProvider
01:24:55.961 [FXGL Background Thread 2 ] DEBUG Engine               - class com.almasb.fxgl.achievement.AchievementService
01:24:55.962 [FXGL Background Thread 2 ] DEBUG Engine               - class com.almasb.fxgl.cutscene.CutsceneService
01:24:55.962 [FXGL Background Thread 2 ] DEBUG Engine               - class com.almasb.fxgl.minigames.MiniGameService
01:24:55.963 [FXGL Background Thread 2 ] DEBUG Engine               - class com.almasb.fxgl.net.NetService
01:24:55.963 [FXGL Background Thread 2 ] DEBUG Engine               - class com.almasb.fxgl.app.services.UpdaterService
01:24:55.963 [FXGL Background Thread 2 ] DEBUG Engine               - class com.almasb.fxgl.dev.DevService
01:24:56.352 [JavaFX Application Thread] DEBUG FXGL.DefaultMenu     - createContentGameplay()
01:25:01.520 [JavaFX Application Thread] DEBUG Menu                 - fireNewGame()
01:25:01.520 [JavaFX Application Thread] DEBUG GameApplicationServi - Starting new game
01:25:01.521 [JavaFX Application Thread] DEBUG PrimaryStageWindow   - Pop state: FXGLDefaultMenu
01:25:01.521 [JavaFX Application Thread] DEBUG Input                - Clearing active input actions
01:25:01.522 [JavaFX Application Thread] DEBUG GameApplicationServi - Removing overlay from FXGLDefaultMenu and adding to FXGLMainMenuDummyScene
01:25:01.522 [JavaFX Application Thread] DEBUG PrimaryStageWindow   - FXGLMainMenuDummyScene <- FXGLDefaultMenu
01:25:01.522 [JavaFX Application Thread] DEBUG Input                - Clearing active input actions
01:25:01.533 [JavaFX Application Thread] DEBUG GameApplicationServi - Removing overlay from FXGLMainMenuDummyScene and adding to FXGLLoadingScene
01:25:01.533 [JavaFX Application Thread] DEBUG PrimaryStageWindow   - FXGLMainMenuDummyScene -> FXGLLoadingScene
01:25:01.533 [JavaFX Application Thread] DEBUG GameApplicationServi - Clearing previous game
01:25:01.533 [JavaFX Application Thread] DEBUG GameScene            - Clearing game scene
01:25:01.533 [JavaFX Application Thread] DEBUG GameWorld            - Clearing game world
01:25:01.534 [JavaFX Application Thread] DEBUG PhysicsWorld         - Clearing physics world
01:25:01.535 [FXGL Background Thread 3 ] DEBUG FXGLApplication      - Initializing game
01:25:01.551 [FXGL Background Thread 3 ] DEBUG FXGLAssetLoaderServi - Loading from file system: file:/D:/study/projects/FinalWeek2048/target/classes/assets/textures/backgroundColorGrass.png
01:25:01.679 [FXGL Background Thread 3 ] DEBUG FXGLAssetLoaderServi - Loading from file system: file:/D:/study/projects/FinalWeek2048/target/classes/assets/textures/bookblock_2.png
01:25:01.689 [FXGL Background Thread 3 ] DEBUG FXGLAssetLoaderServi - Loading from file system: file:/D:/study/projects/FinalWeek2048/target/classes/assets/textures/bookblock_4.png
01:25:01.729 [FXGL Background Thread 3 ] DEBUG FXGLAssetLoaderServi - Loading from file system: file:/D:/study/projects/FinalWeek2048/target/classes/assets/textures/bookblock_8.png
01:25:01.734 [FXGL Background Thread 3 ] DEBUG FXGLAssetLoaderServi - Loading from file system: file:/D:/study/projects/FinalWeek2048/target/classes/assets/textures/bookblock_16.png
01:25:01.742 [FXGL Background Thread 3 ] DEBUG FXGLAssetLoaderServi - Loading from file system: file:/D:/study/projects/FinalWeek2048/target/classes/assets/textures/bookblock_32.png
01:25:01.748 [FXGL Background Thread 3 ] DEBUG FXGLAssetLoaderServi - Loading from file system: file:/D:/study/projects/FinalWeek2048/target/classes/assets/textures/bookblock_64.png
01:25:01.760 [FXGL Background Thread 3 ] DEBUG FXGLAssetLoaderServi - Loading from file system: file:/D:/study/projects/FinalWeek2048/target/classes/assets/textures/bookblock_256.png
01:25:01.787 [FXGL Background Thread 3 ] DEBUG FXGLAssetLoaderServi - Loading from file system: file:/D:/study/projects/FinalWeek2048/target/classes/assets/textures/bookblock_1024.png
01:25:01.800 [FXGL Background Thread 3 ] DEBUG FXGLAssetLoaderServi - Loading from file system: file:/D:/study/projects/FinalWeek2048/target/classes/assets/textures/bookblock_2048.png
01:25:01.815 [FXGL Background Thread 3 ] DEBUG GameWorld            - Clearing removable entities
01:25:01.816 [FXGL Background Thread 3 ] DEBUG GameWorld            - Setting level: com.almasb.fxgl.entity.level.Level@51e07954
01:25:01.885 [FXGL Background Thread 3 ] DEBUG FXGLAssetLoaderServi - Loading from file system: file:/D:/study/projects/FinalWeek2048/target/classes/assets/textures/Female/Poses/female_idle.png
01:25:01.895 [FXGL Background Thread 3 ] DEBUG FXGLAssetLoaderServi - Loading from file system: file:/D:/study/projects/FinalWeek2048/target/classes/assets/textures/Player/Poses/player_idle.png
01:25:01.902 [FXGL Background Thread 3 ] INFO  FXGLApplication      - Game initialization took: 0.367 sec
01:25:01.902 [JavaFX Application Thread] DEBUG Input                - Clearing active input actions
01:25:01.911 [JavaFX Application Thread] DEBUG GameApplicationServi - Removing overlay from FXGLLoadingScene and adding to GameScene
01:25:01.911 [JavaFX Application Thread] DEBUG PrimaryStageWindow   - FXGLLoadingScene -> GameScene
01:25:03.378 [JavaFX Application Thread] DEBUG FXGLApplication      - Exiting FXGL
01:25:03.378 [JavaFX Application Thread] DEBUG LoopRunner           - Stopping loop
01:25:03.378 [JavaFX Application Thread] DEBUG SystemBundleService  - Saving FXGL system data
01:25:03.380 [JavaFX Application Thread] DEBUG FileSystemAccess     - Writing to: D:\study\projects\FinalWeek2048\system\fxgl.bundle
01:25:03.382 [JavaFX Application Thread] DEBUG Async                - Shutting down background threads
01:25:03.383 [JavaFX Application Thread] DEBUG PrimaryStageWindow   - Closing main window
01:25:03.400 [JavaFX Application Thread] DEBUG Logger               - Closing Logger
