17:14:36.362 [main                     ] DEBUG Logger               - Configured Logger
17:14:36.393 [main                     ] DEBUG GameApplication      - Logging settings
Title: Demo 2048
Version: 1.0
Width: 1200
Height: 800
Fullscreen: false
Intro: false
Profiling: false
Single step:false
App Mode: DEVELOPER
Menu Key: ESCAPE
Stage Style: DECORATED
Scene Factory: class com.almasb.fxgl.app.scene.SceneFactory

17:14:36.751 [JavaFX Application Thread] DEBUG FXGLApplication      - Initializing FXGL
17:14:36.753 [JavaFX Application Thread] INFO  Engine               - FXGL-11.17 (16.07.2021 15.46) on WINDOWS (J:11.0.11 FX:16)
17:14:36.753 [JavaFX Application Thread] DEBUG Engine               - JRE Vendor Name: Oracle Corporation
17:14:36.753 [JavaFX Application Thread] DEBUG Engine               - Running on OS: Windows 10 version 10.0
17:14:36.753 [JavaFX Application Thread] DEBUG Engine               - Architecture: amd64
17:14:36.753 [JavaFX Application Thread] INFO  Engine               - Source code and latest versions at: https://github.com/AlmasB/FXGL
17:14:36.753 [JavaFX Application Thread] INFO  Engine               -              Join the FXGL chat at: https://gitter.im/AlmasB/FXGL
17:14:36.829 [JavaFX Application Thread] DEBUG PrimaryStageWindow   - Creating a JavaFX scene
17:14:36.877 [JavaFX Application Thread] DEBUG PrimaryStageWindow   - Target settings size: 1200.0 x 800.0
17:14:36.877 [JavaFX Application Thread] DEBUG PrimaryStageWindow   - Scaled scene size:    1200.0 x 800.0
17:14:36.877 [JavaFX Application Thread] DEBUG PrimaryStageWindow   - Scaled ratio: (1.0, 1.0)
17:14:36.878 [JavaFX Application Thread] DEBUG PrimaryStageWindow   - Set initial scene to FXGLStartupScene
17:14:36.884 [JavaFX Application Thread] DEBUG PrimaryStageWindow   - Opening main window
17:14:36.952 [JavaFX Application Thread] DEBUG PrimaryStageWindow   - Window border size: (14.6666259765625, 37.33331298828125)
17:14:36.952 [JavaFX Application Thread] DEBUG PrimaryStageWindow   - Scaled size: 1200.0 x 800.0
17:14:36.952 [JavaFX Application Thread] DEBUG PrimaryStageWindow   - Scaled ratio: (1.0, 1.0)
17:14:36.952 [JavaFX Application Thread] DEBUG PrimaryStageWindow   - Scene size: 1200.0 x 800.0
17:14:36.952 [JavaFX Application Thread] DEBUG PrimaryStageWindow   - Stage size: 1214.6666259765625 x 837.3333129882812
17:14:36.958 [FXGL Background Thread 1 ] DEBUG Engine               - Initializing environment variables
17:14:37.013 [FXGL Background Thread 1 ] DEBUG FXGLAssetLoaderServi - User app class for loading assets: class com.krillsong.finalweek2048.FinalWeek2048App
17:14:37.014 [FXGL Background Thread 1 ] DEBUG GameApplicationServi - Applying CSS: fxgl_dark.css
17:14:37.015 [FXGL Background Thread 1 ] DEBUG FXGLAssetLoaderServi - Loading from file system: jar:file:///C:/Users/sesuii/.m2/repository/com/github/almasb/fxgl/11.17/fxgl-11.17.jar!/fxglassets/ui/css/fxgl_dark.css
17:14:37.060 [FXGL Background Thread 1 ] DEBUG GameApplicationServi - Initializing application scenes
17:14:37.127 [FXGL Background Thread 1 ] DEBUG GameWorld            - Game world initialized
17:14:37.177 [FXGL Background Thread 1 ] DEBUG PhysicsWorld         - Physics world initialized: appHeight=800, physics.ppm=50.0
17:14:37.178 [FXGL Background Thread 1 ] DEBUG PhysicsWorld         - Using strategy: BRUTE_FORCE
17:14:37.181 [FXGL Background Thread 1 ] DEBUG GameScene            - Game scene initialized: 1200x800
17:14:37.194 [FXGL Background Thread 1 ] DEBUG FXGL.DefaultMenu     - createMenuBodyGameMenu()
17:14:37.208 [FXGL Background Thread 1 ] DEBUG FXGL.DefaultMenu     - createOptionsMenu()
17:14:37.217 [FXGL Background Thread 1 ] DEBUG FXGLAssetLoaderServi - Loading from file system: jar:file:///C:/Users/sesuii/.m2/repository/com/github/almasb/fxgl/11.17/fxgl-11.17.jar!/fxglassets/textures/particles/smoke.png
17:14:37.303 [FXGL Background Thread 1 ] DEBUG FXGLAssetLoaderServi - Loading from file system: jar:file:///C:/Users/sesuii/.m2/repository/com/github/almasb/fxgl/11.17/fxgl-11.17.jar!/fxglassets/textures/particles/trace_horizontal.png
17:14:37.323 [FXGL Background Thread 1 ] DEBUG GameApplicationServi - Application scenes initialized
17:14:37.330 [FXGL Background Thread 1 ] DEBUG SystemBundleService  - Loading FXGL system data
17:14:37.334 [FXGL Background Thread 1 ] DEBUG FileSystemAccess     - Reading from: D:\study\projects\FinalWeek2048\system\fxgl.bundle
17:14:37.338 [FXGL Background Thread 1 ] DEBUG SystemBundleService  - Bundle FXGL: {}
17:14:37.338 [FXGL Background Thread 1 ] DEBUG UpdaterService       - Checking for updates
17:14:37.341 [FXGL Background Thread 4 ] DEBUG FXGLApplication      - Loading fonts
17:14:37.341 [FXGL Background Thread 4 ] DEBUG FXGLAssetLoaderServi - Loading from file system: jar:file:///C:/Users/sesuii/.m2/repository/com/github/almasb/fxgl/11.17/fxgl-11.17.jar!/fxglassets/ui/fonts/VarelaRound-Regular.ttf
17:14:37.341 [FXGL Background Thread 1 ] DEBUG FXGLApplication      - Loading default localization
17:14:37.342 [FXGL Background Thread 1 ] DEBUG FXGLAssetLoaderServi - Loading from file system: jar:file:///C:/Users/sesuii/.m2/repository/com/github/almasb/fxgl/11.17/fxgl-11.17.jar!/fxglassets/languages/english.lang
17:14:37.351 [FXGL Background Thread 1 ] INFO  FXGLApplication      - FXGL initialization took: 0.393 sec
17:14:37.359 [JavaFX Application Thread] DEBUG Input                - Registered new binding: action0 - D
17:14:37.360 [JavaFX Application Thread] DEBUG Input                - Registered new binding: action1 - A
17:14:37.360 [JavaFX Application Thread] DEBUG Input                - Registered new binding: action2 - S
17:14:37.360 [JavaFX Application Thread] DEBUG Input                - Registered new binding: action3 - Left
17:14:37.360 [JavaFX Application Thread] DEBUG Input                - Registered new binding: action4 - Right
17:14:37.360 [JavaFX Application Thread] DEBUG Input                - Registered new binding: action5 - Down
17:14:37.361 [JavaFX Application Thread] DEBUG FXGLAssetLoaderServi - Loading from file system: jar:file:///C:/Users/sesuii/.m2/repository/com/github/almasb/fxgl/11.17/fxgl-11.17.jar!/fxglassets/textures/fxgl_icon.png
17:14:37.387 [JavaFX Application Thread] DEBUG FXGLAssetLoaderServi - Loading from file system: jar:file:///C:/Users/sesuii/.m2/repository/com/github/almasb/fxgl/11.17/fxgl-11.17.jar!/fxglassets/textures/fxgl_default_cursor.png
17:14:37.389 [JavaFX Application Thread] DEBUG Input                - Registered new binding: Screenshot - CTRL+8
17:14:37.389 [JavaFX Application Thread] DEBUG Input                - Registered new binding: System info dump - CTRL+9
17:14:37.389 [JavaFX Application Thread] DEBUG Input                - Registered new binding: Restart - CTRL+R
17:14:37.390 [JavaFX Application Thread] DEBUG Input                - Registered new binding: Toggle Debug Camera - CTRL+C
17:14:37.391 [JavaFX Application Thread] DEBUG LoopRunner           - Starting loop
17:14:37.392 [JavaFX Application Thread] DEBUG LoopRunner           - Initializing JavaFX AnimationTimerLoop
17:14:37.393 [JavaFX Application Thread] DEBUG GameApplicationServi - Starting new game
17:14:37.393 [JavaFX Application Thread] DEBUG Input                - Clearing active input actions
17:14:37.403 [JavaFX Application Thread] DEBUG GameApplicationServi - Removing overlay from FXGLStartupScene and adding to FXGLLoadingScene
17:14:37.403 [JavaFX Application Thread] DEBUG PrimaryStageWindow   - FXGLStartupScene -> FXGLLoadingScene
17:14:37.404 [JavaFX Application Thread] DEBUG GameApplicationServi - Clearing previous game
17:14:37.404 [JavaFX Application Thread] DEBUG GameScene            - Clearing game scene
17:14:37.404 [JavaFX Application Thread] DEBUG GameWorld            - Clearing game world
17:14:37.404 [JavaFX Application Thread] DEBUG PhysicsWorld         - Clearing physics world
17:14:37.405 [FXGL Background Thread 1 ] DEBUG FXGLApplication      - Initializing game
17:14:37.425 [FXGL Background Thread 1 ] DEBUG FXGLAssetLoaderServi - Loading from file system: file:/D:/study/projects/FinalWeek2048/target/classes/assets/textures/backgroundColorGrass.png
17:14:37.506 [FXGL Background Thread 1 ] DEBUG FXGLAssetLoaderServi - Loading from file system: file:/D:/study/projects/FinalWeek2048/target/classes/assets/textures/bookblock_2.png
17:14:37.513 [FXGL Background Thread 1 ] DEBUG FXGLAssetLoaderServi - Loading from file system: file:/D:/study/projects/FinalWeek2048/target/classes/assets/textures/bookblock_4.png
17:14:37.532 [FXGL Background Thread 1 ] DEBUG FXGLAssetLoaderServi - Loading from file system: file:/D:/study/projects/FinalWeek2048/target/classes/assets/textures/bookblock_8.png
17:14:37.535 [FXGL Background Thread 1 ] DEBUG FXGLAssetLoaderServi - Loading from file system: file:/D:/study/projects/FinalWeek2048/target/classes/assets/textures/bookblock_16.png
17:14:37.538 [FXGL Background Thread 1 ] DEBUG FXGLAssetLoaderServi - Loading from file system: file:/D:/study/projects/FinalWeek2048/target/classes/assets/textures/bookblock_32.png
17:14:37.540 [FXGL Background Thread 1 ] DEBUG FXGLAssetLoaderServi - Loading from file system: file:/D:/study/projects/FinalWeek2048/target/classes/assets/textures/bookblock_64.png
17:14:37.548 [FXGL Background Thread 1 ] DEBUG FXGLAssetLoaderServi - Loading from file system: file:/D:/study/projects/FinalWeek2048/target/classes/assets/textures/bookblock_256.png
17:14:37.565 [FXGL Background Thread 1 ] DEBUG FXGLAssetLoaderServi - Loading from file system: file:/D:/study/projects/FinalWeek2048/target/classes/assets/textures/bookblock_1024.png
17:14:37.565 [FXGL Background Thread 4 ] DEBUG FXGLAssetLoaderServi - Loading from file system: jar:file:///C:/Users/sesuii/.m2/repository/com/github/almasb/fxgl/11.17/fxgl-11.17.jar!/fxglassets/ui/fonts/Abel-Regular.ttf
17:14:37.575 [FXGL Background Thread 1 ] DEBUG FXGLAssetLoaderServi - Loading from file system: file:/D:/study/projects/FinalWeek2048/target/classes/assets/textures/bookblock_2048.png
17:14:37.578 [FXGL Background Thread 4 ] DEBUG FXGLAssetLoaderServi - Loading from file system: jar:file:///C:/Users/sesuii/.m2/repository/com/github/almasb/fxgl/11.17/fxgl-11.17.jar!/fxglassets/ui/fonts/lucida_console.ttf
17:14:37.580 [FXGL Background Thread 1 ] DEBUG GameWorld            - Clearing removable entities
17:14:37.580 [FXGL Background Thread 1 ] DEBUG GameWorld            - Setting level: com.almasb.fxgl.entity.level.Level@42898faf
17:14:37.592 [FXGL Background Thread 4 ] DEBUG FXGLAssetLoaderServi - Loading from file system: jar:file:///C:/Users/sesuii/.m2/repository/com/github/almasb/fxgl/11.17/fxgl-11.17.jar!/fxglassets/ui/fonts/Courier-Prime.ttf
17:14:37.607 [JavaFX Application Thread] DEBUG FXGLApplication      - Registering font factories with UI factory
17:14:37.617 [FXGL Background Thread 1 ] DEBUG FXGLAssetLoaderServi - Loading from file system: file:/D:/study/projects/FinalWeek2048/target/classes/assets/textures/Female/Poses/female_idle.png
17:14:37.623 [FXGL Background Thread 1 ] DEBUG FXGLAssetLoaderServi - Loading from file system: file:/D:/study/projects/FinalWeek2048/target/classes/assets/textures/Player/Poses/player_idle.png
17:14:37.625 [FXGL Background Thread 1 ] INFO  FXGLApplication      - Game initialization took: 0.219 sec
17:14:37.637 [JavaFX Application Thread] DEBUG Input                - Clearing active input actions
17:14:37.646 [JavaFX Application Thread] DEBUG GameApplicationServi - Removing overlay from FXGLLoadingScene and adding to GameScene
17:14:37.646 [JavaFX Application Thread] DEBUG PrimaryStageWindow   - FXGLLoadingScene -> GameScene
17:14:40.341 [FXGL Background Thread 3 ] DEBUG Engine               - Logging environment variables
17:14:40.341 [FXGL Background Thread 3 ] DEBUG Engine               - achievements: []
17:14:40.341 [FXGL Background Thread 3 ] DEBUG Engine               - actualHeight: 800.0
17:14:40.342 [FXGL Background Thread 3 ] DEBUG Engine               - actualHeightProperty: ReadOnlyDoubleProperty [value: 800.0]
17:14:40.342 [FXGL Background Thread 3 ] DEBUG Engine               - actualWidth: 1200.0
17:14:40.342 [FXGL Background Thread 3 ] DEBUG Engine               - actualWidthProperty: ReadOnlyDoubleProperty [value: 1200.0]
17:14:40.342 [FXGL Background Thread 3 ] DEBUG Engine               - appIcon: fxgl_icon.png
17:14:40.342 [FXGL Background Thread 3 ] DEBUG Engine               - applicationMode: DEVELOPER
17:14:40.342 [FXGL Background Thread 3 ] DEBUG Engine               - cSSList: [fxgl_dark.css]
17:14:40.342 [FXGL Background Thread 3 ] DEBUG Engine               - collisionDetectionStrategy: BRUTE_FORCE
17:14:40.342 [FXGL Background Thread 3 ] DEBUG Engine               - configClass: Optional.empty
17:14:40.342 [FXGL Background Thread 3 ] DEBUG Engine               - credits: []
17:14:40.342 [FXGL Background Thread 3 ] DEBUG Engine               - defaultCursor: CursorInfo(imageName=fxgl_default_cursor.png, hotspotX=7.0, hotspotY=6.0)
17:14:40.342 [FXGL Background Thread 3 ] DEBUG Engine               - devBBoxColorProperty: ObjectProperty [value: 0xff0000ff]
17:14:40.342 [FXGL Background Thread 3 ] DEBUG Engine               - devEnableDebugCameraProperty: BooleanProperty [value: false]
17:14:40.342 [FXGL Background Thread 3 ] DEBUG Engine               - devSensorColorProperty: ObjectProperty [value: 0xffff00ff]
17:14:40.342 [FXGL Background Thread 3 ] DEBUG Engine               - devShowBBoxProperty: BooleanProperty [value: false]
17:14:40.342 [FXGL Background Thread 3 ] DEBUG Engine               - devShowPositionProperty: BooleanProperty [value: false]
17:14:40.343 [FXGL Background Thread 3 ] DEBUG Engine               - enabledMenuItems: []
17:14:40.343 [FXGL Background Thread 3 ] DEBUG Engine               - engineServices: [class com.almasb.fxgl.app.services.FXGLAssetLoaderService, class com.almasb.fxgl.app.FXGLApplication$GameApplicationService, class com.almasb.fxgl.app.services.FXGLDialogService, class com.almasb.fxgl.app.services.IOTaskExecutorService, class com.almasb.fxgl.io.FileSystemService, class com.almasb.fxgl.localization.LocalizationService, class com.almasb.fxgl.app.services.SystemBundleService, class com.almasb.fxgl.profile.SaveLoadService, class com.almasb.fxgl.ui.FXGLUIFactoryServiceProvider, class com.almasb.fxgl.ui.FXGLDialogFactoryServiceProvider, class com.almasb.fxgl.audio.AudioPlayer, class com.almasb.fxgl.notification.impl.NotificationServiceProvider, class com.almasb.fxgl.achievement.AchievementService, class com.almasb.fxgl.cutscene.CutsceneService, class com.almasb.fxgl.minigames.MiniGameService, class com.almasb.fxgl.net.NetService, class com.almasb.fxgl.app.services.UpdaterService, class com.almasb.fxgl.dev.DevService]
17:14:40.343 [FXGL Background Thread 3 ] DEBUG Engine               - fontGame: Abel-Regular.ttf
17:14:40.343 [FXGL Background Thread 3 ] DEBUG Engine               - fontMono: lucida_console.ttf
17:14:40.343 [FXGL Background Thread 3 ] DEBUG Engine               - fontText: Courier-Prime.ttf
17:14:40.343 [FXGL Background Thread 3 ] DEBUG Engine               - fontUI: VarelaRound-Regular.ttf
17:14:40.343 [FXGL Background Thread 3 ] DEBUG Engine               - fullScreen: BooleanProperty [value: false]
17:14:40.343 [FXGL Background Thread 3 ] DEBUG Engine               - gameDifficulty: MEDIUM
17:14:40.343 [FXGL Background Thread 3 ] DEBUG Engine               - gameDifficultyProperty: ObjectProperty [value: MEDIUM]
17:14:40.343 [FXGL Background Thread 3 ] DEBUG Engine               - globalMusicVolume: 0.5
17:14:40.343 [FXGL Background Thread 3 ] DEBUG Engine               - globalMusicVolumeProperty: DoubleProperty [value: 0.5]
17:14:40.343 [FXGL Background Thread 3 ] DEBUG Engine               - globalSoundVolume: 0.5
17:14:40.343 [FXGL Background Thread 3 ] DEBUG Engine               - globalSoundVolumeProperty: DoubleProperty [value: 0.5]
17:14:40.343 [FXGL Background Thread 3 ] DEBUG Engine               - height: 800
17:14:40.343 [FXGL Background Thread 3 ] DEBUG Engine               - is3D: false
17:14:40.343 [FXGL Background Thread 3 ] DEBUG Engine               - isAndroid: false
17:14:40.343 [FXGL Background Thread 3 ] DEBUG Engine               - isBrowser: false
17:14:40.343 [FXGL Background Thread 3 ] DEBUG Engine               - isClickFeedbackEnabled: false
17:14:40.344 [FXGL Background Thread 3 ] DEBUG Engine               - isCloseConfirmation: false
17:14:40.344 [FXGL Background Thread 3 ] DEBUG Engine               - isDesktop: true
17:14:40.344 [FXGL Background Thread 3 ] DEBUG Engine               - isDeveloperMenuEnabled: false
17:14:40.344 [FXGL Background Thread 3 ] DEBUG Engine               - isEntityPreloadEnabled: true
17:14:40.344 [FXGL Background Thread 3 ] DEBUG Engine               - isExperimentalTiledLargeMap: false
17:14:40.344 [FXGL Background Thread 3 ] DEBUG Engine               - isFileSystemWriteAllowed: true
17:14:40.344 [FXGL Background Thread 3 ] DEBUG Engine               - isFullScreenAllowed: false
17:14:40.344 [FXGL Background Thread 3 ] DEBUG Engine               - isFullScreenFromStart: false
17:14:40.344 [FXGL Background Thread 3 ] DEBUG Engine               - isGameMenuEnabled: true
17:14:40.344 [FXGL Background Thread 3 ] DEBUG Engine               - isIOS: false
17:14:40.344 [FXGL Background Thread 3 ] DEBUG Engine               - isIntroEnabled: false
17:14:40.344 [FXGL Background Thread 3 ] DEBUG Engine               - isLinux: false
17:14:40.344 [FXGL Background Thread 3 ] DEBUG Engine               - isMac: false
17:14:40.344 [FXGL Background Thread 3 ] DEBUG Engine               - isMainMenuEnabled: false
17:14:40.344 [FXGL Background Thread 3 ] DEBUG Engine               - isManualResizeEnabled: false
17:14:40.344 [FXGL Background Thread 3 ] DEBUG Engine               - isMobile: false
17:14:40.344 [FXGL Background Thread 3 ] DEBUG Engine               - isNative: false
17:14:40.344 [FXGL Background Thread 3 ] DEBUG Engine               - isPauseMusicWhenMinimized: true
17:14:40.344 [FXGL Background Thread 3 ] DEBUG Engine               - isPreserveResizeRatio: false
17:14:40.345 [FXGL Background Thread 3 ] DEBUG Engine               - isProfilingEnabled: false
17:14:40.345 [FXGL Background Thread 3 ] DEBUG Engine               - isScaleAffectedOnResize: true
17:14:40.345 [FXGL Background Thread 3 ] DEBUG Engine               - isSingleStep: false
17:14:40.345 [FXGL Background Thread 3 ] DEBUG Engine               - isUserProfileEnabled: false
17:14:40.345 [FXGL Background Thread 3 ] DEBUG Engine               - isWindows: true
17:14:40.345 [FXGL Background Thread 3 ] DEBUG Engine               - language: ObjectProperty [value: ENGLISH]
17:14:40.345 [FXGL Background Thread 3 ] DEBUG Engine               - menuKey: ESCAPE
17:14:40.345 [FXGL Background Thread 3 ] DEBUG Engine               - mouseSensitivity: 0.2
17:14:40.345 [FXGL Background Thread 3 ] DEBUG Engine               - notificationViewClass: class com.almasb.fxgl.notification.view.XboxNotificationView
17:14:40.345 [FXGL Background Thread 3 ] DEBUG Engine               - pixelsPerMeter: 50.0
17:14:40.345 [FXGL Background Thread 3 ] DEBUG Engine               - platform: WINDOWS
17:14:40.345 [FXGL Background Thread 3 ] DEBUG Engine               - prefHeightProperty: ReadOnlyDoubleProperty [value: 800.0]
17:14:40.345 [FXGL Background Thread 3 ] DEBUG Engine               - prefWidthProperty: ReadOnlyDoubleProperty [value: 1200.0]
17:14:40.345 [FXGL Background Thread 3 ] DEBUG Engine               - profileDir: profiles/
17:14:40.345 [FXGL Background Thread 3 ] DEBUG Engine               - profileName: StringProperty [value: DEFAULT]
17:14:40.345 [FXGL Background Thread 3 ] DEBUG Engine               - randomSeed: -1
17:14:40.345 [FXGL Background Thread 3 ] DEBUG Engine               - runtimeInfo: RuntimeInfo(platform=WINDOWS, version=11.17, build=16.07.2021 15.46)
17:14:40.345 [FXGL Background Thread 3 ] DEBUG Engine               - saveFileExt: sav
17:14:40.345 [FXGL Background Thread 3 ] DEBUG Engine               - scaledHeightProp$fxgl: DoubleProperty [bound, value: 800.0]
17:14:40.345 [FXGL Background Thread 3 ] DEBUG Engine               - scaledWidthProp$fxgl: DoubleProperty [bound, value: 1200.0]
17:14:40.345 [FXGL Background Thread 3 ] DEBUG Engine               - sceneFactory: com.almasb.fxgl.app.scene.SceneFactory@3dfb4533
17:14:40.346 [FXGL Background Thread 3 ] DEBUG Engine               - secondsIn24h: 60
17:14:40.346 [FXGL Background Thread 3 ] DEBUG Engine               - soundMenuBack: menu/back.wav
17:14:40.346 [FXGL Background Thread 3 ] DEBUG Engine               - soundMenuPress: menu/press.wav
17:14:40.346 [FXGL Background Thread 3 ] DEBUG Engine               - soundMenuSelect: menu/select.wav
17:14:40.346 [FXGL Background Thread 3 ] DEBUG Engine               - soundNotification: core/notification.wav
17:14:40.346 [FXGL Background Thread 3 ] DEBUG Engine               - stageStyle: DECORATED
17:14:40.346 [FXGL Background Thread 3 ] DEBUG Engine               - supportedLanguages: [ENGLISH, FRENCH, GERMAN, HUNGARIAN, RUSSIAN]
17:14:40.346 [FXGL Background Thread 3 ] DEBUG Engine               - ticksPerSecond: -1
17:14:40.346 [FXGL Background Thread 3 ] DEBUG Engine               - title: Demo 2048
17:14:40.346 [FXGL Background Thread 3 ] DEBUG Engine               - urlGithub: https://github.com/AlmasB/FXGL
17:14:40.346 [FXGL Background Thread 3 ] DEBUG Engine               - urlLeaderboard: http://fxgl-top.herokuapp.com/
17:14:40.346 [FXGL Background Thread 3 ] DEBUG Engine               - urlPOM: https://raw.githubusercontent.com/AlmasB/FXGL/release/README.md
17:14:40.346 [FXGL Background Thread 3 ] DEBUG Engine               - userAppClass: class com.krillsong.finalweek2048.FinalWeek2048App
17:14:40.346 [FXGL Background Thread 3 ] DEBUG Engine               - version: 1.0
17:14:40.346 [FXGL Background Thread 3 ] DEBUG Engine               - versionCheckDays: 7
17:14:40.346 [FXGL Background Thread 3 ] DEBUG Engine               - width: 1200
17:14:40.346 [FXGL Background Thread 3 ] DEBUG Engine               - Logging services
17:14:40.346 [FXGL Background Thread 3 ] DEBUG Engine               - class com.almasb.fxgl.app.services.FXGLAssetLoaderService
17:14:40.346 [FXGL Background Thread 3 ] DEBUG Engine               - class com.almasb.fxgl.app.FXGLApplication$GameApplicationService
17:14:40.346 [FXGL Background Thread 3 ] DEBUG Engine               - class com.almasb.fxgl.app.services.FXGLDialogService
17:14:40.346 [FXGL Background Thread 3 ] DEBUG Engine               - class com.almasb.fxgl.app.services.IOTaskExecutorService
17:14:40.346 [FXGL Background Thread 3 ] DEBUG Engine               - class com.almasb.fxgl.io.FileSystemService
17:14:40.346 [FXGL Background Thread 3 ] DEBUG Engine               - class com.almasb.fxgl.localization.LocalizationService
17:14:40.346 [FXGL Background Thread 3 ] DEBUG Engine               - class com.almasb.fxgl.app.services.SystemBundleService
17:14:40.346 [FXGL Background Thread 3 ] DEBUG Engine               - class com.almasb.fxgl.profile.SaveLoadService
17:14:40.347 [FXGL Background Thread 3 ] DEBUG Engine               - class com.almasb.fxgl.ui.FXGLUIFactoryServiceProvider
17:14:40.347 [FXGL Background Thread 3 ] DEBUG Engine               - class com.almasb.fxgl.ui.FXGLDialogFactoryServiceProvider
17:14:40.347 [FXGL Background Thread 3 ] DEBUG Engine               - class com.almasb.fxgl.audio.AudioPlayer
17:14:40.347 [FXGL Background Thread 3 ] DEBUG Engine               - class com.almasb.fxgl.notification.impl.NotificationServiceProvider
17:14:40.347 [FXGL Background Thread 3 ] DEBUG Engine               - class com.almasb.fxgl.achievement.AchievementService
17:14:40.347 [FXGL Background Thread 3 ] DEBUG Engine               - class com.almasb.fxgl.cutscene.CutsceneService
17:14:40.347 [FXGL Background Thread 3 ] DEBUG Engine               - class com.almasb.fxgl.minigames.MiniGameService
17:14:40.347 [FXGL Background Thread 3 ] DEBUG Engine               - class com.almasb.fxgl.net.NetService
17:14:40.347 [FXGL Background Thread 3 ] DEBUG Engine               - class com.almasb.fxgl.app.services.UpdaterService
17:14:40.347 [FXGL Background Thread 3 ] DEBUG Engine               - class com.almasb.fxgl.dev.DevService
17:14:42.775 [JavaFX Application Thread] DEBUG FXGLApplication      - Exiting FXGL
17:14:42.776 [JavaFX Application Thread] DEBUG LoopRunner           - Stopping loop
17:14:42.776 [JavaFX Application Thread] DEBUG SystemBundleService  - Saving FXGL system data
17:14:42.777 [JavaFX Application Thread] DEBUG FileSystemAccess     - Writing to: D:\study\projects\FinalWeek2048\system\fxgl.bundle
17:14:42.778 [JavaFX Application Thread] DEBUG Async                - Shutting down background threads
17:14:42.778 [JavaFX Application Thread] DEBUG PrimaryStageWindow   - Closing main window
17:14:42.786 [JavaFX Application Thread] DEBUG Logger               - Closing Logger
