01:26:34.961 [main                     ] DEBUG Logger               - Configured Logger
01:26:34.994 [main                     ] DEBUG GameApplication      - Logging settings
Title: Demo 2048
Version: 1.0
Width: 1200
Height: 800
Fullscreen: false
Intro: false
Profiling: false
Single step:false
App Mode: RELEASE
Menu Key: ESCAPE
Stage Style: DECORATED
Scene Factory: class com.krillsong.finalweek2048.FinalWeek2048App$1

01:26:35.583 [JavaFX Application Thread] DEBUG FXGLApplication      - Initializing FXGL
01:26:35.586 [JavaFX Application Thread] INFO  Engine               - FXGL-11.17 (16.07.2021 15.46) on WINDOWS (J:11.0.11 FX:16)
01:26:35.586 [JavaFX Application Thread] DEBUG Engine               - JRE Vendor Name: Oracle Corporation
01:26:35.586 [JavaFX Application Thread] DEBUG Engine               - Running on OS: Windows 10 version 10.0
01:26:35.587 [JavaFX Application Thread] DEBUG Engine               - Architecture: amd64
01:26:35.587 [JavaFX Application Thread] INFO  Engine               - Source code and latest versions at: https://github.com/AlmasB/FXGL
01:26:35.587 [JavaFX Application Thread] INFO  Engine               -              Join the FXGL chat at: https://gitter.im/AlmasB/FXGL
01:26:35.712 [JavaFX Application Thread] DEBUG PrimaryStageWindow   - Creating a JavaFX scene
01:26:35.788 [JavaFX Application Thread] DEBUG PrimaryStageWindow   - Target settings size: 1200.0 x 800.0
01:26:35.788 [JavaFX Application Thread] DEBUG PrimaryStageWindow   - Scaled scene size:    1200.0 x 800.0
01:26:35.788 [JavaFX Application Thread] DEBUG PrimaryStageWindow   - Scaled ratio: (1.0, 1.0)
01:26:35.789 [JavaFX Application Thread] DEBUG PrimaryStageWindow   - Set initial scene to FXGLStartupScene
01:26:35.797 [JavaFX Application Thread] DEBUG PrimaryStageWindow   - Opening main window
01:26:35.903 [JavaFX Application Thread] DEBUG PrimaryStageWindow   - Window border size: (14.6666259765625, 37.33331298828125)
01:26:35.903 [JavaFX Application Thread] DEBUG PrimaryStageWindow   - Scaled size: 1200.0 x 800.0
01:26:35.904 [JavaFX Application Thread] DEBUG PrimaryStageWindow   - Scaled ratio: (1.0, 1.0)
01:26:35.904 [JavaFX Application Thread] DEBUG PrimaryStageWindow   - Scene size: 1200.0 x 800.0
01:26:35.904 [JavaFX Application Thread] DEBUG PrimaryStageWindow   - Stage size: 1214.6666259765625 x 837.3333129882812
01:26:35.917 [FXGL Background Thread 1 ] DEBUG Engine               - Initializing environment variables
01:26:36.005 [FXGL Background Thread 1 ] DEBUG FXGLAssetLoaderServi - User app class for loading assets: class com.krillsong.finalweek2048.FinalWeek2048App
01:26:36.005 [FXGL Background Thread 1 ] DEBUG GameApplicationServi - Applying CSS: fxgl_dark.css
01:26:36.007 [FXGL Background Thread 1 ] DEBUG FXGLAssetLoaderServi - Loading from file system: jar:file:///C:/Users/sesuii/.m2/repository/com/github/almasb/fxgl/11.17/fxgl-11.17.jar!/fxglassets/ui/css/fxgl_dark.css
01:26:36.080 [FXGL Background Thread 1 ] DEBUG GameApplicationServi - Initializing application scenes
01:26:36.179 [FXGL Background Thread 1 ] DEBUG GameWorld            - Game world initialized
01:26:36.257 [FXGL Background Thread 1 ] DEBUG PhysicsWorld         - Physics world initialized: appHeight=800, physics.ppm=50.0
01:26:36.258 [FXGL Background Thread 1 ] DEBUG PhysicsWorld         - Using strategy: BRUTE_FORCE
01:26:36.262 [FXGL Background Thread 1 ] DEBUG GameScene            - Game scene initialized: 1200x800
01:26:36.306 [FXGL Background Thread 1 ] DEBUG FXGLAssetLoaderServi - Loading from file system: jar:file:///C:/Users/sesuii/.m2/repository/com/github/almasb/fxgl/11.17/fxgl-11.17.jar!/fxglassets/textures/pause_menu_bg.png
01:26:36.363 [FXGL Background Thread 1 ] DEBUG GameApplicationServi - Application scenes initialized
01:26:36.383 [FXGL Background Thread 1 ] DEBUG SystemBundleService  - Loading FXGL system data
01:26:36.388 [FXGL Background Thread 1 ] DEBUG FileSystemAccess     - Reading from: D:\study\projects\FinalWeek2048\system\fxgl.bundle
01:26:36.396 [FXGL Background Thread 1 ] DEBUG SystemBundleService  - Bundle FXGL: {}
01:26:36.402 [FXGL Background Thread 3 ] DEBUG FXGLApplication      - Loading fonts
01:26:36.403 [FXGL Background Thread 1 ] DEBUG FXGLApplication      - Loading default localization
01:26:36.403 [FXGL Background Thread 3 ] DEBUG FXGLAssetLoaderServi - Loading from file system: jar:file:///C:/Users/sesuii/.m2/repository/com/github/almasb/fxgl/11.17/fxgl-11.17.jar!/fxglassets/ui/fonts/VarelaRound-Regular.ttf
01:26:36.403 [FXGL Background Thread 1 ] WARN  FXGLAssetLoaderServi - Asset "/assets/languages/chinese.lang" was not found!
01:26:36.404 [FXGL Background Thread 1 ] WARN  FXGLAssetLoaderServi - Failed to load PROPERTY_MAP
01:26:36.406 [FXGL Background Thread 1 ] INFO  FXGLApplication      - FXGL initialization took: 0.490 sec
01:26:36.422 [JavaFX Application Thread] DEBUG Input                - Registered new binding: 玩家一向右移动 - D
01:26:36.422 [JavaFX Application Thread] DEBUG Input                - Registered new binding: 玩家一向左移动 - A
01:26:36.423 [JavaFX Application Thread] DEBUG Input                - Registered new binding: 玩家一释放方块 - S
01:26:36.424 [JavaFX Application Thread] DEBUG Input                - Registered new binding: 玩家二向左移动 - Left
01:26:36.424 [JavaFX Application Thread] DEBUG Input                - Registered new binding: 玩家二向右移动 - Right
01:26:36.425 [JavaFX Application Thread] DEBUG Input                - Registered new binding: 玩家二释放方块 - Down
01:26:36.425 [JavaFX Application Thread] DEBUG FXGLAssetLoaderServi - Loading from file system: jar:file:///C:/Users/sesuii/.m2/repository/com/github/almasb/fxgl/11.17/fxgl-11.17.jar!/fxglassets/textures/fxgl_icon.png
01:26:36.451 [JavaFX Application Thread] DEBUG FXGLAssetLoaderServi - Loading from file system: jar:file:///C:/Users/sesuii/.m2/repository/com/github/almasb/fxgl/11.17/fxgl-11.17.jar!/fxglassets/textures/fxgl_default_cursor.png
01:26:36.454 [JavaFX Application Thread] DEBUG Input                - Registered new binding: Screenshot - CTRL+8
01:26:36.457 [JavaFX Application Thread] DEBUG LoopRunner           - Starting loop
01:26:36.457 [JavaFX Application Thread] DEBUG LoopRunner           - Initializing JavaFX AnimationTimerLoop
01:26:36.460 [JavaFX Application Thread] DEBUG Input                - Clearing active input actions
01:26:36.469 [JavaFX Application Thread] DEBUG GameApplicationServi - Removing overlay from FXGLStartupScene and adding to FXGLMainMenuDummyScene
01:26:36.469 [JavaFX Application Thread] DEBUG PrimaryStageWindow   - FXGLStartupScene -> FXGLMainMenuDummyScene
01:26:36.469 [JavaFX Application Thread] DEBUG PrimaryStageWindow   - Push state: FinalWeekMenu
01:26:36.469 [JavaFX Application Thread] DEBUG Input                - Clearing active input actions
01:26:36.478 [JavaFX Application Thread] DEBUG GameApplicationServi - Removing overlay from FXGLMainMenuDummyScene and adding to FinalWeekMenu
01:26:36.478 [JavaFX Application Thread] DEBUG PrimaryStageWindow   - FXGLMainMenuDummyScene -> FinalWeekMenu
01:26:36.685 [FXGL Background Thread 3 ] DEBUG FXGLAssetLoaderServi - Loading from file system: jar:file:///C:/Users/sesuii/.m2/repository/com/github/almasb/fxgl/11.17/fxgl-11.17.jar!/fxglassets/ui/fonts/Abel-Regular.ttf
01:26:36.704 [FXGL Background Thread 3 ] DEBUG FXGLAssetLoaderServi - Loading from file system: jar:file:///C:/Users/sesuii/.m2/repository/com/github/almasb/fxgl/11.17/fxgl-11.17.jar!/fxglassets/ui/fonts/lucida_console.ttf
01:26:36.724 [FXGL Background Thread 3 ] DEBUG FXGLAssetLoaderServi - Loading from file system: jar:file:///C:/Users/sesuii/.m2/repository/com/github/almasb/fxgl/11.17/fxgl-11.17.jar!/fxglassets/ui/fonts/Courier-Prime.ttf
01:26:36.774 [JavaFX Application Thread] DEBUG FXGLApplication      - Registering font factories with UI factory
01:26:39.401 [FXGL Background Thread 2 ] DEBUG Engine               - Logging environment variables
01:26:39.404 [FXGL Background Thread 2 ] DEBUG Engine               - achievements: []
01:26:39.404 [FXGL Background Thread 2 ] DEBUG Engine               - actualHeight: 800.0
01:26:39.405 [FXGL Background Thread 2 ] DEBUG Engine               - actualHeightProperty: ReadOnlyDoubleProperty [value: 800.0]
01:26:39.405 [FXGL Background Thread 2 ] DEBUG Engine               - actualWidth: 1200.0
01:26:39.405 [FXGL Background Thread 2 ] DEBUG Engine               - actualWidthProperty: ReadOnlyDoubleProperty [value: 1200.0]
01:26:39.406 [FXGL Background Thread 2 ] DEBUG Engine               - appIcon: fxgl_icon.png
01:26:39.406 [FXGL Background Thread 2 ] DEBUG Engine               - applicationMode: RELEASE
01:26:39.406 [FXGL Background Thread 2 ] DEBUG Engine               - cSSList: [fxgl_dark.css]
01:26:39.406 [FXGL Background Thread 2 ] DEBUG Engine               - collisionDetectionStrategy: BRUTE_FORCE
01:26:39.407 [FXGL Background Thread 2 ] DEBUG Engine               - configClass: Optional.empty
01:26:39.407 [FXGL Background Thread 2 ] DEBUG Engine               - credits: []
01:26:39.408 [FXGL Background Thread 2 ] DEBUG Engine               - defaultCursor: CursorInfo(imageName=fxgl_default_cursor.png, hotspotX=7.0, hotspotY=6.0)
01:26:39.408 [FXGL Background Thread 2 ] DEBUG Engine               - devBBoxColorProperty: ObjectProperty [value: 0xff0000ff]
01:26:39.409 [FXGL Background Thread 2 ] DEBUG Engine               - devEnableDebugCameraProperty: BooleanProperty [value: false]
01:26:39.409 [FXGL Background Thread 2 ] DEBUG Engine               - devSensorColorProperty: ObjectProperty [value: 0xffff00ff]
01:26:39.410 [FXGL Background Thread 2 ] DEBUG Engine               - devShowBBoxProperty: BooleanProperty [value: false]
01:26:39.410 [FXGL Background Thread 2 ] DEBUG Engine               - devShowPositionProperty: BooleanProperty [value: false]
01:26:39.411 [FXGL Background Thread 2 ] DEBUG Engine               - enabledMenuItems: []
01:26:39.411 [FXGL Background Thread 2 ] DEBUG Engine               - engineServices: [class com.almasb.fxgl.app.services.FXGLAssetLoaderService, class com.almasb.fxgl.app.FXGLApplication$GameApplicationService, class com.almasb.fxgl.app.services.FXGLDialogService, class com.almasb.fxgl.app.services.IOTaskExecutorService, class com.almasb.fxgl.io.FileSystemService, class com.almasb.fxgl.localization.LocalizationService, class com.almasb.fxgl.app.services.SystemBundleService, class com.almasb.fxgl.profile.SaveLoadService, class com.almasb.fxgl.ui.FXGLUIFactoryServiceProvider, class com.almasb.fxgl.ui.FXGLDialogFactoryServiceProvider, class com.almasb.fxgl.audio.AudioPlayer, class com.almasb.fxgl.notification.impl.NotificationServiceProvider, class com.almasb.fxgl.achievement.AchievementService, class com.almasb.fxgl.cutscene.CutsceneService, class com.almasb.fxgl.minigames.MiniGameService, class com.almasb.fxgl.net.NetService, class com.almasb.fxgl.app.services.UpdaterService, class com.almasb.fxgl.dev.DevService]
01:26:39.411 [FXGL Background Thread 2 ] DEBUG Engine               - fontGame: Abel-Regular.ttf
01:26:39.411 [FXGL Background Thread 2 ] DEBUG Engine               - fontMono: lucida_console.ttf
01:26:39.412 [FXGL Background Thread 2 ] DEBUG Engine               - fontText: Courier-Prime.ttf
01:26:39.412 [FXGL Background Thread 2 ] DEBUG Engine               - fontUI: VarelaRound-Regular.ttf
01:26:39.412 [FXGL Background Thread 2 ] DEBUG Engine               - fullScreen: BooleanProperty [value: false]
01:26:39.413 [FXGL Background Thread 2 ] DEBUG Engine               - gameDifficulty: MEDIUM
01:26:39.413 [FXGL Background Thread 2 ] DEBUG Engine               - gameDifficultyProperty: ObjectProperty [value: MEDIUM]
01:26:39.413 [FXGL Background Thread 2 ] DEBUG Engine               - globalMusicVolume: 0.5
01:26:39.414 [FXGL Background Thread 2 ] DEBUG Engine               - globalMusicVolumeProperty: DoubleProperty [value: 0.5]
01:26:39.414 [FXGL Background Thread 2 ] DEBUG Engine               - globalSoundVolume: 0.5
01:26:39.414 [FXGL Background Thread 2 ] DEBUG Engine               - globalSoundVolumeProperty: DoubleProperty [value: 0.5]
01:26:39.415 [FXGL Background Thread 2 ] DEBUG Engine               - height: 800
01:26:39.416 [FXGL Background Thread 2 ] DEBUG Engine               - is3D: false
01:26:39.416 [FXGL Background Thread 2 ] DEBUG Engine               - isAndroid: false
01:26:39.416 [FXGL Background Thread 2 ] DEBUG Engine               - isBrowser: false
01:26:39.417 [FXGL Background Thread 2 ] DEBUG Engine               - isClickFeedbackEnabled: false
01:26:39.417 [FXGL Background Thread 2 ] DEBUG Engine               - isCloseConfirmation: false
01:26:39.417 [FXGL Background Thread 2 ] DEBUG Engine               - isDesktop: true
01:26:39.417 [FXGL Background Thread 2 ] DEBUG Engine               - isDeveloperMenuEnabled: false
01:26:39.418 [FXGL Background Thread 2 ] DEBUG Engine               - isEntityPreloadEnabled: true
01:26:39.418 [FXGL Background Thread 2 ] DEBUG Engine               - isExperimentalTiledLargeMap: false
01:26:39.419 [FXGL Background Thread 2 ] DEBUG Engine               - isFileSystemWriteAllowed: true
01:26:39.419 [FXGL Background Thread 2 ] DEBUG Engine               - isFullScreenAllowed: false
01:26:39.419 [FXGL Background Thread 2 ] DEBUG Engine               - isFullScreenFromStart: false
01:26:39.419 [FXGL Background Thread 2 ] DEBUG Engine               - isGameMenuEnabled: true
01:26:39.420 [FXGL Background Thread 2 ] DEBUG Engine               - isIOS: false
01:26:39.420 [FXGL Background Thread 2 ] DEBUG Engine               - isIntroEnabled: false
01:26:39.420 [FXGL Background Thread 2 ] DEBUG Engine               - isLinux: false
01:26:39.420 [FXGL Background Thread 2 ] DEBUG Engine               - isMac: false
01:26:39.421 [FXGL Background Thread 2 ] DEBUG Engine               - isMainMenuEnabled: true
01:26:39.421 [FXGL Background Thread 2 ] DEBUG Engine               - isManualResizeEnabled: true
01:26:39.421 [FXGL Background Thread 2 ] DEBUG Engine               - isMobile: false
01:26:39.421 [FXGL Background Thread 2 ] DEBUG Engine               - isNative: false
01:26:39.422 [FXGL Background Thread 2 ] DEBUG Engine               - isPauseMusicWhenMinimized: true
01:26:39.422 [FXGL Background Thread 2 ] DEBUG Engine               - isPreserveResizeRatio: true
01:26:39.422 [FXGL Background Thread 2 ] DEBUG Engine               - isProfilingEnabled: false
01:26:39.422 [FXGL Background Thread 2 ] DEBUG Engine               - isScaleAffectedOnResize: true
01:26:39.423 [FXGL Background Thread 2 ] DEBUG Engine               - isSingleStep: false
01:26:39.423 [FXGL Background Thread 2 ] DEBUG Engine               - isUserProfileEnabled: false
01:26:39.423 [FXGL Background Thread 2 ] DEBUG Engine               - isWindows: true
01:26:39.424 [FXGL Background Thread 2 ] DEBUG Engine               - language: ObjectProperty [value: CHINESE]
01:26:39.424 [FXGL Background Thread 2 ] DEBUG Engine               - menuKey: ESCAPE
01:26:39.424 [FXGL Background Thread 2 ] DEBUG Engine               - mouseSensitivity: 0.2
01:26:39.424 [FXGL Background Thread 2 ] DEBUG Engine               - notificationViewClass: class com.almasb.fxgl.notification.view.XboxNotificationView
01:26:39.425 [FXGL Background Thread 2 ] DEBUG Engine               - pixelsPerMeter: 50.0
01:26:39.425 [FXGL Background Thread 2 ] DEBUG Engine               - platform: WINDOWS
01:26:39.425 [FXGL Background Thread 2 ] DEBUG Engine               - prefHeightProperty: ReadOnlyDoubleProperty [value: 800.0]
01:26:39.425 [FXGL Background Thread 2 ] DEBUG Engine               - prefWidthProperty: ReadOnlyDoubleProperty [value: 1200.0]
01:26:39.426 [FXGL Background Thread 2 ] DEBUG Engine               - profileDir: profiles/
01:26:39.426 [FXGL Background Thread 2 ] DEBUG Engine               - profileName: StringProperty [value: DEFAULT]
01:26:39.426 [FXGL Background Thread 2 ] DEBUG Engine               - randomSeed: -1
01:26:39.426 [FXGL Background Thread 2 ] DEBUG Engine               - runtimeInfo: RuntimeInfo(platform=WINDOWS, version=11.17, build=16.07.2021 15.46)
01:26:39.427 [FXGL Background Thread 2 ] DEBUG Engine               - saveFileExt: sav
01:26:39.427 [FXGL Background Thread 2 ] DEBUG Engine               - scaledHeightProp$fxgl: DoubleProperty [bound, value: 800.0]
01:26:39.428 [FXGL Background Thread 2 ] DEBUG Engine               - scaledWidthProp$fxgl: DoubleProperty [bound, value: 1200.0]
01:26:39.428 [FXGL Background Thread 2 ] DEBUG Engine               - sceneFactory: com.krillsong.finalweek2048.FinalWeek2048App$1@3c30fd76
01:26:39.428 [FXGL Background Thread 2 ] DEBUG Engine               - secondsIn24h: 60
01:26:39.429 [FXGL Background Thread 2 ] DEBUG Engine               - soundMenuBack: menu/back.wav
01:26:39.429 [FXGL Background Thread 2 ] DEBUG Engine               - soundMenuPress: menu/press.wav
01:26:39.429 [FXGL Background Thread 2 ] DEBUG Engine               - soundMenuSelect: menu/select.wav
01:26:39.429 [FXGL Background Thread 2 ] DEBUG Engine               - soundNotification: core/notification.wav
01:26:39.429 [FXGL Background Thread 2 ] DEBUG Engine               - stageStyle: DECORATED
01:26:39.430 [FXGL Background Thread 2 ] DEBUG Engine               - supportedLanguages: [ENGLISH, FRENCH, GERMAN, HUNGARIAN, RUSSIAN]
01:26:39.430 [FXGL Background Thread 2 ] DEBUG Engine               - ticksPerSecond: -1
01:26:39.430 [FXGL Background Thread 2 ] DEBUG Engine               - title: Demo 2048
01:26:39.430 [FXGL Background Thread 2 ] DEBUG Engine               - urlGithub: https://github.com/AlmasB/FXGL
01:26:39.431 [FXGL Background Thread 2 ] DEBUG Engine               - urlLeaderboard: http://fxgl-top.herokuapp.com/
01:26:39.431 [FXGL Background Thread 2 ] DEBUG Engine               - urlPOM: https://raw.githubusercontent.com/AlmasB/FXGL/release/README.md
01:26:39.431 [FXGL Background Thread 2 ] DEBUG Engine               - userAppClass: class com.krillsong.finalweek2048.FinalWeek2048App
01:26:39.431 [FXGL Background Thread 2 ] DEBUG Engine               - version: 1.0
01:26:39.432 [FXGL Background Thread 2 ] DEBUG Engine               - versionCheckDays: 7
01:26:39.432 [FXGL Background Thread 2 ] DEBUG Engine               - width: 1200
01:26:39.432 [FXGL Background Thread 2 ] DEBUG Engine               - Logging services
01:26:39.433 [FXGL Background Thread 2 ] DEBUG Engine               - class com.almasb.fxgl.app.services.FXGLAssetLoaderService
01:26:39.433 [FXGL Background Thread 2 ] DEBUG Engine               - class com.almasb.fxgl.app.FXGLApplication$GameApplicationService
01:26:39.433 [FXGL Background Thread 2 ] DEBUG Engine               - class com.almasb.fxgl.app.services.FXGLDialogService
01:26:39.433 [FXGL Background Thread 2 ] DEBUG Engine               - class com.almasb.fxgl.app.services.IOTaskExecutorService
01:26:39.435 [FXGL Background Thread 2 ] DEBUG Engine               - class com.almasb.fxgl.io.FileSystemService
01:26:39.435 [FXGL Background Thread 2 ] DEBUG Engine               - class com.almasb.fxgl.localization.LocalizationService
01:26:39.435 [FXGL Background Thread 2 ] DEBUG Engine               - class com.almasb.fxgl.app.services.SystemBundleService
01:26:39.435 [FXGL Background Thread 2 ] DEBUG Engine               - class com.almasb.fxgl.profile.SaveLoadService
01:26:39.436 [FXGL Background Thread 2 ] DEBUG Engine               - class com.almasb.fxgl.ui.FXGLUIFactoryServiceProvider
01:26:39.436 [FXGL Background Thread 2 ] DEBUG Engine               - class com.almasb.fxgl.ui.FXGLDialogFactoryServiceProvider
01:26:39.436 [FXGL Background Thread 2 ] DEBUG Engine               - class com.almasb.fxgl.audio.AudioPlayer
01:26:39.436 [FXGL Background Thread 2 ] DEBUG Engine               - class com.almasb.fxgl.notification.impl.NotificationServiceProvider
01:26:39.436 [FXGL Background Thread 2 ] DEBUG Engine               - class com.almasb.fxgl.achievement.AchievementService
01:26:39.437 [FXGL Background Thread 2 ] DEBUG Engine               - class com.almasb.fxgl.cutscene.CutsceneService
01:26:39.437 [FXGL Background Thread 2 ] DEBUG Engine               - class com.almasb.fxgl.minigames.MiniGameService
01:26:39.437 [FXGL Background Thread 2 ] DEBUG Engine               - class com.almasb.fxgl.net.NetService
01:26:39.438 [FXGL Background Thread 2 ] DEBUG Engine               - class com.almasb.fxgl.app.services.UpdaterService
01:26:39.438 [FXGL Background Thread 2 ] DEBUG Engine               - class com.almasb.fxgl.dev.DevService
01:26:43.457 [JavaFX Application Thread] DEBUG FXGLApplication      - Exiting FXGL
01:26:43.458 [JavaFX Application Thread] DEBUG LoopRunner           - Stopping loop
01:26:43.458 [JavaFX Application Thread] DEBUG SystemBundleService  - Saving FXGL system data
01:26:43.460 [JavaFX Application Thread] DEBUG FileSystemAccess     - Writing to: D:\study\projects\FinalWeek2048\system\fxgl.bundle
01:26:43.462 [JavaFX Application Thread] DEBUG Async                - Shutting down background threads
01:26:43.462 [JavaFX Application Thread] DEBUG PrimaryStageWindow   - Closing main window
01:26:43.476 [JavaFX Application Thread] DEBUG Logger               - Closing Logger
