01:20:17.316 [main                     ] DEBUG Logger               - Configured Logger
01:20:17.359 [main                     ] DEBUG GameApplication      - Logging settings
Title: Demo 2048
Version: 1.0
Width: 1200
Height: 800
Fullscreen: false
Intro: false
Profiling: false
Single step:false
App Mode: RELEASE
Menu Key: ESCAPE
Stage Style: DECORATED
Scene Factory: class com.krillsong.finalweek2048.FinalWeek2048App$1

01:20:17.920 [JavaFX Application Thread] DEBUG FXGLApplication      - Initializing FXGL
01:20:17.923 [JavaFX Application Thread] INFO  Engine               - FXGL-11.17 (16.07.2021 15.46) on WINDOWS (J:11.0.11 FX:16)
01:20:17.923 [JavaFX Application Thread] DEBUG Engine               - JRE Vendor Name: Oracle Corporation
01:20:17.924 [JavaFX Application Thread] DEBUG Engine               - Running on OS: Windows 10 version 10.0
01:20:17.924 [JavaFX Application Thread] DEBUG Engine               - Architecture: amd64
01:20:17.924 [JavaFX Application Thread] INFO  Engine               - Source code and latest versions at: https://github.com/AlmasB/FXGL
01:20:17.924 [JavaFX Application Thread] INFO  Engine               -              Join the FXGL chat at: https://gitter.im/AlmasB/FXGL
01:20:18.063 [JavaFX Application Thread] DEBUG PrimaryStageWindow   - Creating a JavaFX scene
01:20:18.165 [JavaFX Application Thread] DEBUG PrimaryStageWindow   - Target settings size: 1200.0 x 800.0
01:20:18.166 [JavaFX Application Thread] DEBUG PrimaryStageWindow   - Scaled scene size:    1200.0 x 800.0
01:20:18.166 [JavaFX Application Thread] DEBUG PrimaryStageWindow   - Scaled ratio: (1.0, 1.0)
01:20:18.168 [JavaFX Application Thread] DEBUG PrimaryStageWindow   - Set initial scene to FXGLStartupScene
01:20:18.177 [JavaFX Application Thread] DEBUG PrimaryStageWindow   - Opening main window
01:20:18.288 [JavaFX Application Thread] DEBUG PrimaryStageWindow   - Window border size: (14.6666259765625, 37.33331298828125)
01:20:18.288 [JavaFX Application Thread] DEBUG PrimaryStageWindow   - Scaled size: 1200.0 x 800.0
01:20:18.288 [JavaFX Application Thread] DEBUG PrimaryStageWindow   - Scaled ratio: (1.0, 1.0)
01:20:18.289 [JavaFX Application Thread] DEBUG PrimaryStageWindow   - Scene size: 1200.0 x 800.0
01:20:18.289 [JavaFX Application Thread] DEBUG PrimaryStageWindow   - Stage size: 1214.6666259765625 x 837.3333129882812
01:20:18.301 [FXGL Background Thread 1 ] DEBUG Engine               - Initializing environment variables
01:20:18.391 [FXGL Background Thread 1 ] DEBUG FXGLAssetLoaderServi - User app class for loading assets: class com.krillsong.finalweek2048.FinalWeek2048App
01:20:18.391 [FXGL Background Thread 1 ] DEBUG GameApplicationServi - Applying CSS: fxgl_dark.css
01:20:18.392 [FXGL Background Thread 1 ] DEBUG FXGLAssetLoaderServi - Loading from file system: jar:file:///C:/Users/sesuii/.m2/repository/com/github/almasb/fxgl/11.17/fxgl-11.17.jar!/fxglassets/ui/css/fxgl_dark.css
01:20:18.472 [FXGL Background Thread 1 ] DEBUG GameApplicationServi - Initializing application scenes
01:20:18.570 [FXGL Background Thread 1 ] DEBUG GameWorld            - Game world initialized
01:20:18.647 [FXGL Background Thread 1 ] DEBUG PhysicsWorld         - Physics world initialized: appHeight=800, physics.ppm=50.0
01:20:18.648 [FXGL Background Thread 1 ] DEBUG PhysicsWorld         - Using strategy: BRUTE_FORCE
01:20:18.650 [FXGL Background Thread 1 ] DEBUG GameScene            - Game scene initialized: 1200x800
01:20:18.663 [FXGL Background Thread 1 ] DEBUG FXGL.DefaultMenu     - createMenuBodyMainMenu()
01:20:18.681 [FXGL Background Thread 1 ] DEBUG FXGL.DefaultMenu     - createOptionsMenu()
01:20:18.693 [FXGL Background Thread 1 ] DEBUG FXGLAssetLoaderServi - Loading from file system: jar:file:///C:/Users/sesuii/.m2/repository/com/github/almasb/fxgl/11.17/fxgl-11.17.jar!/fxglassets/textures/particles/smoke.png
01:20:18.822 [FXGL Background Thread 1 ] DEBUG FXGLAssetLoaderServi - Loading from file system: jar:file:///C:/Users/sesuii/.m2/repository/com/github/almasb/fxgl/11.17/fxgl-11.17.jar!/fxglassets/textures/particles/trace_horizontal.png
01:20:18.853 [FXGL Background Thread 1 ] DEBUG FXGLAssetLoaderServi - Loading from file system: jar:file:///C:/Users/sesuii/.m2/repository/com/github/almasb/fxgl/11.17/fxgl-11.17.jar!/fxglassets/textures/pause_menu_bg.png
01:20:18.868 [FXGL Background Thread 1 ] DEBUG GameApplicationServi - Application scenes initialized
01:20:18.877 [FXGL Background Thread 1 ] DEBUG SystemBundleService  - Loading FXGL system data
01:20:18.881 [FXGL Background Thread 1 ] DEBUG FileSystemAccess     - Reading from: D:\study\projects\FinalWeek2048\system\fxgl.bundle
01:20:18.886 [FXGL Background Thread 1 ] DEBUG SystemBundleService  - Bundle FXGL: {}
01:20:18.889 [FXGL Background Thread 3 ] DEBUG FXGLApplication      - Loading fonts
01:20:18.889 [FXGL Background Thread 1 ] DEBUG FXGLApplication      - Loading default localization
01:20:18.889 [FXGL Background Thread 3 ] DEBUG FXGLAssetLoaderServi - Loading from file system: jar:file:///C:/Users/sesuii/.m2/repository/com/github/almasb/fxgl/11.17/fxgl-11.17.jar!/fxglassets/ui/fonts/VarelaRound-Regular.ttf
01:20:18.889 [FXGL Background Thread 1 ] DEBUG FXGLAssetLoaderServi - Loading from file system: jar:file:///C:/Users/sesuii/.m2/repository/com/github/almasb/fxgl/11.17/fxgl-11.17.jar!/fxglassets/languages/english.lang
01:20:18.905 [FXGL Background Thread 1 ] INFO  FXGLApplication      - FXGL initialization took: 0.603 sec
01:20:18.921 [JavaFX Application Thread] DEBUG Input                - Registered new binding: 玩家一向右移动 - D
01:20:18.921 [JavaFX Application Thread] DEBUG Input                - Registered new binding: 玩家一向左移动 - A
01:20:18.922 [JavaFX Application Thread] DEBUG Input                - Registered new binding: 玩家一释放方块 - S
01:20:18.922 [JavaFX Application Thread] DEBUG Input                - Registered new binding: 玩家二向左移动 - Left
01:20:18.922 [JavaFX Application Thread] DEBUG Input                - Registered new binding: 玩家二向右移动 - Right
01:20:18.923 [JavaFX Application Thread] DEBUG Input                - Registered new binding: 玩家二释放方块 - Down
01:20:18.923 [JavaFX Application Thread] DEBUG FXGLAssetLoaderServi - Loading from file system: jar:file:///C:/Users/sesuii/.m2/repository/com/github/almasb/fxgl/11.17/fxgl-11.17.jar!/fxglassets/textures/fxgl_icon.png
01:20:18.942 [JavaFX Application Thread] DEBUG FXGLAssetLoaderServi - Loading from file system: jar:file:///C:/Users/sesuii/.m2/repository/com/github/almasb/fxgl/11.17/fxgl-11.17.jar!/fxglassets/textures/fxgl_default_cursor.png
01:20:18.945 [JavaFX Application Thread] DEBUG Input                - Registered new binding: Screenshot - CTRL+8
01:20:18.947 [JavaFX Application Thread] DEBUG LoopRunner           - Starting loop
01:20:18.948 [JavaFX Application Thread] DEBUG LoopRunner           - Initializing JavaFX AnimationTimerLoop
01:20:18.950 [JavaFX Application Thread] DEBUG Input                - Clearing active input actions
01:20:18.959 [JavaFX Application Thread] DEBUG GameApplicationServi - Removing overlay from FXGLStartupScene and adding to FXGLMainMenuDummyScene
01:20:18.960 [JavaFX Application Thread] DEBUG PrimaryStageWindow   - FXGLStartupScene -> FXGLMainMenuDummyScene
01:20:18.960 [JavaFX Application Thread] DEBUG PrimaryStageWindow   - Push state: FXGLDefaultMenu
01:20:18.960 [JavaFX Application Thread] DEBUG Input                - Clearing active input actions
01:20:18.968 [JavaFX Application Thread] DEBUG GameApplicationServi - Removing overlay from FXGLMainMenuDummyScene and adding to FXGLDefaultMenu
01:20:18.969 [JavaFX Application Thread] DEBUG PrimaryStageWindow   - FXGLMainMenuDummyScene -> FXGLDefaultMenu
01:20:19.145 [FXGL Background Thread 3 ] DEBUG FXGLAssetLoaderServi - Loading from file system: jar:file:///C:/Users/sesuii/.m2/repository/com/github/almasb/fxgl/11.17/fxgl-11.17.jar!/fxglassets/ui/fonts/Abel-Regular.ttf
01:20:19.159 [FXGL Background Thread 3 ] DEBUG FXGLAssetLoaderServi - Loading from file system: jar:file:///C:/Users/sesuii/.m2/repository/com/github/almasb/fxgl/11.17/fxgl-11.17.jar!/fxglassets/ui/fonts/lucida_console.ttf
01:20:19.184 [FXGL Background Thread 3 ] DEBUG FXGLAssetLoaderServi - Loading from file system: jar:file:///C:/Users/sesuii/.m2/repository/com/github/almasb/fxgl/11.17/fxgl-11.17.jar!/fxglassets/ui/fonts/Courier-Prime.ttf
01:20:19.209 [JavaFX Application Thread] DEBUG FXGLApplication      - Registering font factories with UI factory
01:20:21.888 [FXGL Background Thread 2 ] DEBUG Engine               - Logging environment variables
01:20:21.890 [FXGL Background Thread 2 ] DEBUG Engine               - achievements: []
01:20:21.891 [FXGL Background Thread 2 ] DEBUG Engine               - actualHeight: 800.0
01:20:21.891 [FXGL Background Thread 2 ] DEBUG Engine               - actualHeightProperty: ReadOnlyDoubleProperty [value: 800.0]
01:20:21.891 [FXGL Background Thread 2 ] DEBUG Engine               - actualWidth: 1200.0
01:20:21.892 [FXGL Background Thread 2 ] DEBUG Engine               - actualWidthProperty: ReadOnlyDoubleProperty [value: 1200.0]
01:20:21.892 [FXGL Background Thread 2 ] DEBUG Engine               - appIcon: fxgl_icon.png
01:20:21.893 [FXGL Background Thread 2 ] DEBUG Engine               - applicationMode: RELEASE
01:20:21.893 [FXGL Background Thread 2 ] DEBUG Engine               - cSSList: [fxgl_dark.css]
01:20:21.894 [FXGL Background Thread 2 ] DEBUG Engine               - collisionDetectionStrategy: BRUTE_FORCE
01:20:21.894 [FXGL Background Thread 2 ] DEBUG Engine               - configClass: Optional.empty
01:20:21.895 [FXGL Background Thread 2 ] DEBUG Engine               - credits: []
01:20:21.896 [FXGL Background Thread 2 ] DEBUG Engine               - defaultCursor: CursorInfo(imageName=fxgl_default_cursor.png, hotspotX=7.0, hotspotY=6.0)
01:20:21.897 [FXGL Background Thread 2 ] DEBUG Engine               - devBBoxColorProperty: ObjectProperty [value: 0xff0000ff]
01:20:21.897 [FXGL Background Thread 2 ] DEBUG Engine               - devEnableDebugCameraProperty: BooleanProperty [value: false]
01:20:21.898 [FXGL Background Thread 2 ] DEBUG Engine               - devSensorColorProperty: ObjectProperty [value: 0xffff00ff]
01:20:21.899 [FXGL Background Thread 2 ] DEBUG Engine               - devShowBBoxProperty: BooleanProperty [value: false]
01:20:21.899 [FXGL Background Thread 2 ] DEBUG Engine               - devShowPositionProperty: BooleanProperty [value: false]
01:20:21.900 [FXGL Background Thread 2 ] DEBUG Engine               - enabledMenuItems: []
01:20:21.901 [FXGL Background Thread 2 ] DEBUG Engine               - engineServices: [class com.almasb.fxgl.app.services.FXGLAssetLoaderService, class com.almasb.fxgl.app.FXGLApplication$GameApplicationService, class com.almasb.fxgl.app.services.FXGLDialogService, class com.almasb.fxgl.app.services.IOTaskExecutorService, class com.almasb.fxgl.io.FileSystemService, class com.almasb.fxgl.localization.LocalizationService, class com.almasb.fxgl.app.services.SystemBundleService, class com.almasb.fxgl.profile.SaveLoadService, class com.almasb.fxgl.ui.FXGLUIFactoryServiceProvider, class com.almasb.fxgl.ui.FXGLDialogFactoryServiceProvider, class com.almasb.fxgl.audio.AudioPlayer, class com.almasb.fxgl.notification.impl.NotificationServiceProvider, class com.almasb.fxgl.achievement.AchievementService, class com.almasb.fxgl.cutscene.CutsceneService, class com.almasb.fxgl.minigames.MiniGameService, class com.almasb.fxgl.net.NetService, class com.almasb.fxgl.app.services.UpdaterService, class com.almasb.fxgl.dev.DevService]
01:20:21.902 [FXGL Background Thread 2 ] DEBUG Engine               - fontGame: Abel-Regular.ttf
01:20:21.902 [FXGL Background Thread 2 ] DEBUG Engine               - fontMono: lucida_console.ttf
01:20:21.902 [FXGL Background Thread 2 ] DEBUG Engine               - fontText: Courier-Prime.ttf
01:20:21.903 [FXGL Background Thread 2 ] DEBUG Engine               - fontUI: VarelaRound-Regular.ttf
01:20:21.903 [FXGL Background Thread 2 ] DEBUG Engine               - fullScreen: BooleanProperty [value: false]
01:20:21.903 [FXGL Background Thread 2 ] DEBUG Engine               - gameDifficulty: MEDIUM
01:20:21.904 [FXGL Background Thread 2 ] DEBUG Engine               - gameDifficultyProperty: ObjectProperty [value: MEDIUM]
01:20:21.904 [FXGL Background Thread 2 ] DEBUG Engine               - globalMusicVolume: 0.5
01:20:21.905 [FXGL Background Thread 2 ] DEBUG Engine               - globalMusicVolumeProperty: DoubleProperty [value: 0.5]
01:20:21.905 [FXGL Background Thread 2 ] DEBUG Engine               - globalSoundVolume: 0.5
01:20:21.906 [FXGL Background Thread 2 ] DEBUG Engine               - globalSoundVolumeProperty: DoubleProperty [value: 0.5]
01:20:21.906 [FXGL Background Thread 2 ] DEBUG Engine               - height: 800
01:20:21.907 [FXGL Background Thread 2 ] DEBUG Engine               - is3D: false
01:20:21.907 [FXGL Background Thread 2 ] DEBUG Engine               - isAndroid: false
01:20:21.907 [FXGL Background Thread 2 ] DEBUG Engine               - isBrowser: false
01:20:21.908 [FXGL Background Thread 2 ] DEBUG Engine               - isClickFeedbackEnabled: false
01:20:21.909 [FXGL Background Thread 2 ] DEBUG Engine               - isCloseConfirmation: false
01:20:21.909 [FXGL Background Thread 2 ] DEBUG Engine               - isDesktop: true
01:20:21.910 [FXGL Background Thread 2 ] DEBUG Engine               - isDeveloperMenuEnabled: false
01:20:21.910 [FXGL Background Thread 2 ] DEBUG Engine               - isEntityPreloadEnabled: true
01:20:21.910 [FXGL Background Thread 2 ] DEBUG Engine               - isExperimentalTiledLargeMap: false
01:20:21.911 [FXGL Background Thread 2 ] DEBUG Engine               - isFileSystemWriteAllowed: true
01:20:21.911 [FXGL Background Thread 2 ] DEBUG Engine               - isFullScreenAllowed: false
01:20:21.912 [FXGL Background Thread 2 ] DEBUG Engine               - isFullScreenFromStart: false
01:20:21.913 [FXGL Background Thread 2 ] DEBUG Engine               - isGameMenuEnabled: true
01:20:21.913 [FXGL Background Thread 2 ] DEBUG Engine               - isIOS: false
01:20:21.914 [FXGL Background Thread 2 ] DEBUG Engine               - isIntroEnabled: false
01:20:21.914 [FXGL Background Thread 2 ] DEBUG Engine               - isLinux: false
01:20:21.915 [FXGL Background Thread 2 ] DEBUG Engine               - isMac: false
01:20:21.915 [FXGL Background Thread 2 ] DEBUG Engine               - isMainMenuEnabled: true
01:20:21.916 [FXGL Background Thread 2 ] DEBUG Engine               - isManualResizeEnabled: true
01:20:21.916 [FXGL Background Thread 2 ] DEBUG Engine               - isMobile: false
01:20:21.916 [FXGL Background Thread 2 ] DEBUG Engine               - isNative: false
01:20:21.917 [FXGL Background Thread 2 ] DEBUG Engine               - isPauseMusicWhenMinimized: true
01:20:21.917 [FXGL Background Thread 2 ] DEBUG Engine               - isPreserveResizeRatio: true
01:20:21.917 [FXGL Background Thread 2 ] DEBUG Engine               - isProfilingEnabled: false
01:20:21.917 [FXGL Background Thread 2 ] DEBUG Engine               - isScaleAffectedOnResize: true
01:20:21.918 [FXGL Background Thread 2 ] DEBUG Engine               - isSingleStep: false
01:20:21.918 [FXGL Background Thread 2 ] DEBUG Engine               - isUserProfileEnabled: false
01:20:21.919 [FXGL Background Thread 2 ] DEBUG Engine               - isWindows: true
01:20:21.919 [FXGL Background Thread 2 ] DEBUG Engine               - language: ObjectProperty [value: ENGLISH]
01:20:21.919 [FXGL Background Thread 2 ] DEBUG Engine               - menuKey: ESCAPE
01:20:21.920 [FXGL Background Thread 2 ] DEBUG Engine               - mouseSensitivity: 0.2
01:20:21.921 [FXGL Background Thread 2 ] DEBUG Engine               - notificationViewClass: class com.almasb.fxgl.notification.view.XboxNotificationView
01:20:21.922 [FXGL Background Thread 2 ] DEBUG Engine               - pixelsPerMeter: 50.0
01:20:21.922 [FXGL Background Thread 2 ] DEBUG Engine               - platform: WINDOWS
01:20:21.922 [FXGL Background Thread 2 ] DEBUG Engine               - prefHeightProperty: ReadOnlyDoubleProperty [value: 800.0]
01:20:21.923 [FXGL Background Thread 2 ] DEBUG Engine               - prefWidthProperty: ReadOnlyDoubleProperty [value: 1200.0]
01:20:21.923 [FXGL Background Thread 2 ] DEBUG Engine               - profileDir: profiles/
01:20:21.923 [FXGL Background Thread 2 ] DEBUG Engine               - profileName: StringProperty [value: DEFAULT]
01:20:21.923 [FXGL Background Thread 2 ] DEBUG Engine               - randomSeed: -1
01:20:21.924 [FXGL Background Thread 2 ] DEBUG Engine               - runtimeInfo: RuntimeInfo(platform=WINDOWS, version=11.17, build=16.07.2021 15.46)
01:20:21.924 [FXGL Background Thread 2 ] DEBUG Engine               - saveFileExt: sav
01:20:21.924 [FXGL Background Thread 2 ] DEBUG Engine               - scaledHeightProp$fxgl: DoubleProperty [bound, value: 800.0]
01:20:21.925 [FXGL Background Thread 2 ] DEBUG Engine               - scaledWidthProp$fxgl: DoubleProperty [bound, value: 1200.0]
01:20:21.925 [FXGL Background Thread 2 ] DEBUG Engine               - sceneFactory: com.krillsong.finalweek2048.FinalWeek2048App$1@22422889
01:20:21.925 [FXGL Background Thread 2 ] DEBUG Engine               - secondsIn24h: 60
01:20:21.926 [FXGL Background Thread 2 ] DEBUG Engine               - soundMenuBack: menu/back.wav
01:20:21.926 [FXGL Background Thread 2 ] DEBUG Engine               - soundMenuPress: menu/press.wav
01:20:21.926 [FXGL Background Thread 2 ] DEBUG Engine               - soundMenuSelect: menu/select.wav
01:20:21.926 [FXGL Background Thread 2 ] DEBUG Engine               - soundNotification: core/notification.wav
01:20:21.926 [FXGL Background Thread 2 ] DEBUG Engine               - stageStyle: DECORATED
01:20:21.927 [FXGL Background Thread 2 ] DEBUG Engine               - supportedLanguages: [ENGLISH, FRENCH, GERMAN, HUNGARIAN, RUSSIAN]
01:20:21.927 [FXGL Background Thread 2 ] DEBUG Engine               - ticksPerSecond: -1
01:20:21.927 [FXGL Background Thread 2 ] DEBUG Engine               - title: Demo 2048
01:20:21.927 [FXGL Background Thread 2 ] DEBUG Engine               - urlGithub: https://github.com/AlmasB/FXGL
01:20:21.928 [FXGL Background Thread 2 ] DEBUG Engine               - urlLeaderboard: http://fxgl-top.herokuapp.com/
01:20:21.928 [FXGL Background Thread 2 ] DEBUG Engine               - urlPOM: https://raw.githubusercontent.com/AlmasB/FXGL/release/README.md
01:20:21.928 [FXGL Background Thread 2 ] DEBUG Engine               - userAppClass: class com.krillsong.finalweek2048.FinalWeek2048App
01:20:21.928 [FXGL Background Thread 2 ] DEBUG Engine               - version: 1.0
01:20:21.929 [FXGL Background Thread 2 ] DEBUG Engine               - versionCheckDays: 7
01:20:21.929 [FXGL Background Thread 2 ] DEBUG Engine               - width: 1200
01:20:21.930 [FXGL Background Thread 2 ] DEBUG Engine               - Logging services
01:20:21.930 [FXGL Background Thread 2 ] DEBUG Engine               - class com.almasb.fxgl.app.services.FXGLAssetLoaderService
01:20:21.930 [FXGL Background Thread 2 ] DEBUG Engine               - class com.almasb.fxgl.app.FXGLApplication$GameApplicationService
01:20:21.930 [FXGL Background Thread 2 ] DEBUG Engine               - class com.almasb.fxgl.app.services.FXGLDialogService
01:20:21.931 [FXGL Background Thread 2 ] DEBUG Engine               - class com.almasb.fxgl.app.services.IOTaskExecutorService
01:20:21.931 [FXGL Background Thread 2 ] DEBUG Engine               - class com.almasb.fxgl.io.FileSystemService
01:20:21.931 [FXGL Background Thread 2 ] DEBUG Engine               - class com.almasb.fxgl.localization.LocalizationService
01:20:21.931 [FXGL Background Thread 2 ] DEBUG Engine               - class com.almasb.fxgl.app.services.SystemBundleService
01:20:21.932 [FXGL Background Thread 2 ] DEBUG Engine               - class com.almasb.fxgl.profile.SaveLoadService
01:20:21.932 [FXGL Background Thread 2 ] DEBUG Engine               - class com.almasb.fxgl.ui.FXGLUIFactoryServiceProvider
01:20:21.932 [FXGL Background Thread 2 ] DEBUG Engine               - class com.almasb.fxgl.ui.FXGLDialogFactoryServiceProvider
01:20:21.933 [FXGL Background Thread 2 ] DEBUG Engine               - class com.almasb.fxgl.audio.AudioPlayer
01:20:21.933 [FXGL Background Thread 2 ] DEBUG Engine               - class com.almasb.fxgl.notification.impl.NotificationServiceProvider
01:20:21.933 [FXGL Background Thread 2 ] DEBUG Engine               - class com.almasb.fxgl.achievement.AchievementService
01:20:21.933 [FXGL Background Thread 2 ] DEBUG Engine               - class com.almasb.fxgl.cutscene.CutsceneService
01:20:21.933 [FXGL Background Thread 2 ] DEBUG Engine               - class com.almasb.fxgl.minigames.MiniGameService
01:20:21.934 [FXGL Background Thread 2 ] DEBUG Engine               - class com.almasb.fxgl.net.NetService
01:20:21.934 [FXGL Background Thread 2 ] DEBUG Engine               - class com.almasb.fxgl.app.services.UpdaterService
01:20:21.934 [FXGL Background Thread 2 ] DEBUG Engine               - class com.almasb.fxgl.dev.DevService
01:20:22.569 [JavaFX Application Thread] DEBUG Menu                 - fireNewGame()
01:20:22.569 [JavaFX Application Thread] DEBUG GameApplicationServi - Starting new game
01:20:22.572 [JavaFX Application Thread] DEBUG PrimaryStageWindow   - Pop state: FXGLDefaultMenu
01:20:22.572 [JavaFX Application Thread] DEBUG Input                - Clearing active input actions
01:20:22.575 [JavaFX Application Thread] DEBUG GameApplicationServi - Removing overlay from FXGLDefaultMenu and adding to FXGLMainMenuDummyScene
01:20:22.575 [JavaFX Application Thread] DEBUG PrimaryStageWindow   - FXGLMainMenuDummyScene <- FXGLDefaultMenu
01:20:22.576 [JavaFX Application Thread] DEBUG Input                - Clearing active input actions
01:20:22.596 [JavaFX Application Thread] DEBUG GameApplicationServi - Removing overlay from FXGLMainMenuDummyScene and adding to FXGLLoadingScene
01:20:22.596 [JavaFX Application Thread] DEBUG PrimaryStageWindow   - FXGLMainMenuDummyScene -> FXGLLoadingScene
01:20:22.597 [JavaFX Application Thread] DEBUG GameApplicationServi - Clearing previous game
01:20:22.597 [JavaFX Application Thread] DEBUG GameScene            - Clearing game scene
01:20:22.597 [JavaFX Application Thread] DEBUG GameWorld            - Clearing game world
01:20:22.597 [JavaFX Application Thread] DEBUG PhysicsWorld         - Clearing physics world
01:20:22.599 [FXGL Background Thread 3 ] DEBUG FXGLApplication      - Initializing game
01:20:22.616 [FXGL Background Thread 3 ] DEBUG FXGLAssetLoaderServi - Loading from file system: file:/D:/study/projects/FinalWeek2048/target/classes/assets/textures/backgroundColorGrass.png
01:20:22.768 [FXGL Background Thread 3 ] DEBUG FXGLAssetLoaderServi - Loading from file system: file:/D:/study/projects/FinalWeek2048/target/classes/assets/textures/bookblock_2.png
01:20:22.793 [FXGL Background Thread 3 ] DEBUG FXGLAssetLoaderServi - Loading from file system: file:/D:/study/projects/FinalWeek2048/target/classes/assets/textures/bookblock_4.png
01:20:22.829 [FXGL Background Thread 3 ] DEBUG FXGLAssetLoaderServi - Loading from file system: file:/D:/study/projects/FinalWeek2048/target/classes/assets/textures/bookblock_8.png
01:20:22.833 [FXGL Background Thread 3 ] DEBUG FXGLAssetLoaderServi - Loading from file system: file:/D:/study/projects/FinalWeek2048/target/classes/assets/textures/bookblock_16.png
01:20:22.838 [FXGL Background Thread 3 ] DEBUG FXGLAssetLoaderServi - Loading from file system: file:/D:/study/projects/FinalWeek2048/target/classes/assets/textures/bookblock_32.png
01:20:22.841 [FXGL Background Thread 3 ] DEBUG FXGLAssetLoaderServi - Loading from file system: file:/D:/study/projects/FinalWeek2048/target/classes/assets/textures/bookblock_64.png
01:20:22.856 [FXGL Background Thread 3 ] DEBUG FXGLAssetLoaderServi - Loading from file system: file:/D:/study/projects/FinalWeek2048/target/classes/assets/textures/bookblock_256.png
01:20:22.879 [FXGL Background Thread 3 ] DEBUG FXGLAssetLoaderServi - Loading from file system: file:/D:/study/projects/FinalWeek2048/target/classes/assets/textures/bookblock_1024.png
01:20:22.889 [FXGL Background Thread 3 ] DEBUG FXGLAssetLoaderServi - Loading from file system: file:/D:/study/projects/FinalWeek2048/target/classes/assets/textures/bookblock_2048.png
01:20:22.901 [FXGL Background Thread 3 ] DEBUG GameWorld            - Clearing removable entities
01:20:22.902 [FXGL Background Thread 3 ] DEBUG GameWorld            - Setting level: com.almasb.fxgl.entity.level.Level@73897d57
01:20:22.968 [FXGL Background Thread 3 ] DEBUG FXGLAssetLoaderServi - Loading from file system: file:/D:/study/projects/FinalWeek2048/target/classes/assets/textures/Female/Poses/female_idle.png
01:20:22.975 [FXGL Background Thread 3 ] DEBUG FXGLAssetLoaderServi - Loading from file system: file:/D:/study/projects/FinalWeek2048/target/classes/assets/textures/Player/Poses/player_idle.png
01:20:22.982 [FXGL Background Thread 3 ] INFO  FXGLApplication      - Game initialization took: 0.384 sec
01:20:22.983 [JavaFX Application Thread] DEBUG Input                - Clearing active input actions
01:20:22.991 [JavaFX Application Thread] DEBUG GameApplicationServi - Removing overlay from FXGLLoadingScene and adding to GameScene
01:20:22.991 [JavaFX Application Thread] DEBUG PrimaryStageWindow   - FXGLLoadingScene -> GameScene
01:20:24.514 [JavaFX Application Thread] WARN  GameWorld            - Entity is already attached to world
01:20:24.946 [JavaFX Application Thread] WARN  GameWorld            - Entity is already attached to world
01:20:25.584 [JavaFX Application Thread] WARN  GameWorld            - Entity is already attached to world
01:20:26.111 [JavaFX Application Thread] DEBUG FXGLAssetLoaderServi - Loading from file system: file:/D:/study/projects/FinalWeek2048/target/classes/assets/textures/bookblock_128.png
01:20:26.120 [JavaFX Application Thread] WARN  GameWorld            - Entity is already attached to world
01:20:26.688 [JavaFX Application Thread] WARN  GameWorld            - Entity is already attached to world
01:20:27.251 [JavaFX Application Thread] WARN  GameWorld            - Entity is already attached to world
01:20:27.776 [JavaFX Application Thread] WARN  GameWorld            - Entity is already attached to world
01:20:28.433 [JavaFX Application Thread] WARN  GameWorld            - Entity is already attached to world
01:20:29.040 [JavaFX Application Thread] WARN  GameWorld            - Entity is already attached to world
01:20:29.045 [JavaFX Application Thread] DEBUG FXGLAssetLoaderServi - Loading from file system: file:/D:/study/projects/FinalWeek2048/target/classes/assets/textures/bookblock_512.png
01:20:29.633 [JavaFX Application Thread] WARN  GameWorld            - Entity is already attached to world
01:20:30.207 [JavaFX Application Thread] WARN  GameWorld            - Entity is already attached to world
01:20:30.704 [JavaFX Application Thread] WARN  GameWorld            - Entity is already attached to world
01:20:31.262 [JavaFX Application Thread] WARN  GameWorld            - Entity is already attached to world
01:20:31.906 [JavaFX Application Thread] WARN  GameWorld            - Entity is already attached to world
01:20:32.496 [JavaFX Application Thread] WARN  GameWorld            - Entity is already attached to world
01:20:33.648 [JavaFX Application Thread] WARN  GameWorld            - Entity is already attached to world
01:20:34.207 [JavaFX Application Thread] WARN  GameWorld            - Entity is already attached to world
01:20:34.832 [JavaFX Application Thread] WARN  GameWorld            - Entity is already attached to world
01:20:35.410 [JavaFX Application Thread] WARN  GameWorld            - Entity is already attached to world
01:20:36.001 [JavaFX Application Thread] WARN  GameWorld            - Entity is already attached to world
01:20:36.545 [JavaFX Application Thread] WARN  GameWorld            - Entity is already attached to world
01:20:37.056 [JavaFX Application Thread] WARN  GameWorld            - Entity is already attached to world
01:20:37.729 [JavaFX Application Thread] WARN  GameWorld            - Entity is already attached to world
01:20:38.242 [JavaFX Application Thread] WARN  GameWorld            - Entity is already attached to world
01:20:38.785 [JavaFX Application Thread] WARN  GameWorld            - Entity is already attached to world
01:20:39.296 [JavaFX Application Thread] WARN  GameWorld            - Entity is already attached to world
01:20:40.192 [JavaFX Application Thread] WARN  GameWorld            - Entity is already attached to world
01:20:41.296 [JavaFX Application Thread] WARN  GameWorld            - Entity is already attached to world
01:20:41.810 [JavaFX Application Thread] WARN  GameWorld            - Entity is already attached to world
01:20:42.339 [JavaFX Application Thread] WARN  GameWorld            - Entity is already attached to world
01:20:43.666 [JavaFX Application Thread] WARN  GameWorld            - Entity is already attached to world
01:20:45.346 [JavaFX Application Thread] WARN  GameWorld            - Entity is already attached to world
01:20:45.984 [JavaFX Application Thread] WARN  GameWorld            - Entity is already attached to world
01:20:47.491 [JavaFX Application Thread] WARN  GameWorld            - Entity is already attached to world
01:20:48.018 [JavaFX Application Thread] WARN  GameWorld            - Entity is already attached to world
01:20:48.529 [JavaFX Application Thread] WARN  GameWorld            - Entity is already attached to world
01:20:49.040 [JavaFX Application Thread] WARN  GameWorld            - Entity is already attached to world
01:20:49.570 [JavaFX Application Thread] WARN  GameWorld            - Entity is already attached to world
01:20:50.082 [JavaFX Application Thread] WARN  GameWorld            - Entity is already attached to world
01:20:50.173 [JavaFX Application Thread] DEBUG PrimaryStageWindow   - Push state: DialogSubScene
01:20:50.174 [JavaFX Application Thread] DEBUG Input                - Clearing active input actions
01:20:50.176 [JavaFX Application Thread] DEBUG GameApplicationServi - Removing overlay from GameScene and adding to DialogSubScene
01:20:50.176 [JavaFX Application Thread] DEBUG PrimaryStageWindow   - GameScene -> DialogSubScene
01:20:52.180 [JavaFX Application Thread] DEBUG PrimaryStageWindow   - Pop state: DialogSubScene
01:20:52.180 [JavaFX Application Thread] DEBUG Input                - Clearing active input actions
01:20:52.180 [JavaFX Application Thread] DEBUG GameApplicationServi - Removing overlay from DialogSubScene and adding to GameScene
01:20:52.180 [JavaFX Application Thread] DEBUG PrimaryStageWindow   - GameScene <- DialogSubScene
01:20:52.181 [JavaFX Application Thread] DEBUG PrimaryStageWindow   - Push state: SimpleGameMenu
01:20:52.181 [JavaFX Application Thread] DEBUG Input                - Clearing active input actions
01:20:52.181 [JavaFX Application Thread] DEBUG GameApplicationServi - Removing overlay from GameScene and adding to SimpleGameMenu
01:20:52.181 [JavaFX Application Thread] DEBUG PrimaryStageWindow   - GameScene -> SimpleGameMenu
01:20:58.234 [JavaFX Application Thread] DEBUG Menu                 - fireResume()
01:20:58.234 [JavaFX Application Thread] DEBUG PrimaryStageWindow   - Pop state: SimpleGameMenu
01:20:58.234 [JavaFX Application Thread] DEBUG Input                - Clearing active input actions
01:20:58.235 [JavaFX Application Thread] DEBUG GameApplicationServi - Removing overlay from SimpleGameMenu and adding to GameScene
01:20:58.235 [JavaFX Application Thread] DEBUG PrimaryStageWindow   - GameScene <- SimpleGameMenu
01:21:00.240 [JavaFX Application Thread] WARN  GameWorld            - Entity is already attached to world
01:21:01.636 [JavaFX Application Thread] WARN  GameWorld            - Entity is already attached to world
01:21:02.144 [JavaFX Application Thread] WARN  GameWorld            - Entity is already attached to world
01:21:02.815 [JavaFX Application Thread] WARN  GameWorld            - Entity is already attached to world
01:21:03.328 [JavaFX Application Thread] WARN  GameWorld            - Entity is already attached to world
01:21:03.825 [JavaFX Application Thread] WARN  GameWorld            - Entity is already attached to world
01:21:04.353 [JavaFX Application Thread] WARN  GameWorld            - Entity is already attached to world
01:21:04.849 [JavaFX Application Thread] WARN  GameWorld            - Entity is already attached to world
01:21:05.457 [JavaFX Application Thread] WARN  GameWorld            - Entity is already attached to world
01:21:06.085 [JavaFX Application Thread] WARN  GameWorld            - Entity is already attached to world
01:21:06.592 [JavaFX Application Thread] WARN  GameWorld            - Entity is already attached to world
01:21:07.105 [JavaFX Application Thread] WARN  GameWorld            - Entity is already attached to world
01:21:07.953 [JavaFX Application Thread] WARN  GameWorld            - Entity is already attached to world
01:21:08.560 [JavaFX Application Thread] WARN  GameWorld            - Entity is already attached to world
01:21:09.071 [JavaFX Application Thread] WARN  GameWorld            - Entity is already attached to world
01:21:09.685 [JavaFX Application Thread] WARN  GameWorld            - Entity is already attached to world
01:21:10.208 [JavaFX Application Thread] WARN  GameWorld            - Entity is already attached to world
01:21:10.720 [JavaFX Application Thread] WARN  GameWorld            - Entity is already attached to world
01:21:11.559 [JavaFX Application Thread] DEBUG FXGLApplication      - Exiting FXGL
01:21:11.559 [JavaFX Application Thread] DEBUG LoopRunner           - Stopping loop
01:21:11.560 [JavaFX Application Thread] DEBUG SystemBundleService  - Saving FXGL system data
01:21:11.562 [JavaFX Application Thread] DEBUG FileSystemAccess     - Writing to: D:\study\projects\FinalWeek2048\system\fxgl.bundle
01:21:11.566 [JavaFX Application Thread] DEBUG Async                - Shutting down background threads
01:21:11.566 [JavaFX Application Thread] DEBUG PrimaryStageWindow   - Closing main window
01:21:11.583 [JavaFX Application Thread] DEBUG Logger               - Closing Logger
