11:30:28.462 [main                     ] DEBUG Logger               - Configured Logger
11:30:28.493 [main                     ] DEBUG GameApplication      - Logging settings
Title: Demo 2048
Version: 1.0
Width: 1200
Height: 800
Fullscreen: false
Intro: false
Profiling: false
Single step:false
App Mode: RELEASE
Menu Key: ESCAPE
Stage Style: DECORATED
Scene Factory: class com.almasb.fxgl.app.scene.SceneFactory

11:30:28.969 [JavaFX Application Thread] DEBUG FXGLApplication      - Initializing FXGL
11:30:28.971 [JavaFX Application Thread] INFO  Engine               - FXGL-11.17 (16.07.2021 15.46) on WINDOWS (J:11.0.11 FX:16)
11:30:28.972 [JavaFX Application Thread] DEBUG Engine               - JRE Vendor Name: Oracle Corporation
11:30:28.972 [JavaFX Application Thread] DEBUG Engine               - Running on OS: Windows 10 version 10.0
11:30:28.972 [JavaFX Application Thread] DEBUG Engine               - Architecture: amd64
11:30:28.972 [JavaFX Application Thread] INFO  Engine               - Source code and latest versions at: https://github.com/AlmasB/FXGL
11:30:28.973 [JavaFX Application Thread] INFO  Engine               -              Join the FXGL chat at: https://gitter.im/AlmasB/FXGL
11:30:29.092 [JavaFX Application Thread] DEBUG PrimaryStageWindow   - Creating a JavaFX scene
11:30:29.161 [JavaFX Application Thread] DEBUG PrimaryStageWindow   - Target settings size: 1200.0 x 800.0
11:30:29.161 [JavaFX Application Thread] DEBUG PrimaryStageWindow   - Scaled scene size:    1200.0 x 800.0
11:30:29.162 [JavaFX Application Thread] DEBUG PrimaryStageWindow   - Scaled ratio: (1.0, 1.0)
11:30:29.163 [JavaFX Application Thread] DEBUG PrimaryStageWindow   - Set initial scene to FXGLStartupScene
11:30:29.170 [JavaFX Application Thread] DEBUG PrimaryStageWindow   - Opening main window
11:30:29.244 [JavaFX Application Thread] DEBUG PrimaryStageWindow   - Window border size: (14.6666259765625, 37.33331298828125)
11:30:29.245 [JavaFX Application Thread] DEBUG PrimaryStageWindow   - Scaled size: 1200.0 x 800.0
11:30:29.245 [JavaFX Application Thread] DEBUG PrimaryStageWindow   - Scaled ratio: (1.0, 1.0)
11:30:29.245 [JavaFX Application Thread] DEBUG PrimaryStageWindow   - Scene size: 1200.0 x 800.0
11:30:29.245 [JavaFX Application Thread] DEBUG PrimaryStageWindow   - Stage size: 1214.6666259765625 x 837.3333129882812
11:30:29.251 [FXGL Background Thread 1 ] DEBUG Engine               - Initializing environment variables
11:30:29.316 [FXGL Background Thread 1 ] DEBUG FXGLAssetLoaderServi - User app class for loading assets: class com.krillsong.finalweek2048.FinalWeek2048App
11:30:29.316 [FXGL Background Thread 1 ] DEBUG GameApplicationServi - Applying CSS: fxgl_dark.css
11:30:29.317 [FXGL Background Thread 1 ] DEBUG FXGLAssetLoaderServi - Loading from file system: jar:file:///C:/Users/sesuii/.m2/repository/com/github/almasb/fxgl/11.17/fxgl-11.17.jar!/fxglassets/ui/css/fxgl_dark.css
11:30:29.369 [FXGL Background Thread 1 ] DEBUG GameApplicationServi - Initializing application scenes
11:30:29.439 [FXGL Background Thread 1 ] DEBUG GameWorld            - Game world initialized
11:30:29.487 [FXGL Background Thread 1 ] DEBUG PhysicsWorld         - Physics world initialized: appHeight=800, physics.ppm=50.0
11:30:29.488 [FXGL Background Thread 1 ] DEBUG PhysicsWorld         - Using strategy: BRUTE_FORCE
11:30:29.493 [FXGL Background Thread 1 ] DEBUG GameScene            - Game scene initialized: 1200x800
11:30:29.507 [FXGL Background Thread 1 ] DEBUG FXGL.DefaultMenu     - createMenuBodyMainMenu()
11:30:29.525 [FXGL Background Thread 1 ] DEBUG FXGL.DefaultMenu     - createOptionsMenu()
11:30:29.536 [FXGL Background Thread 1 ] DEBUG FXGLAssetLoaderServi - Loading from file system: jar:file:///C:/Users/sesuii/.m2/repository/com/github/almasb/fxgl/11.17/fxgl-11.17.jar!/fxglassets/textures/particles/smoke.png
11:30:29.645 [FXGL Background Thread 1 ] DEBUG FXGLAssetLoaderServi - Loading from file system: jar:file:///C:/Users/sesuii/.m2/repository/com/github/almasb/fxgl/11.17/fxgl-11.17.jar!/fxglassets/textures/particles/trace_horizontal.png
11:30:29.670 [FXGL Background Thread 1 ] DEBUG FXGL.DefaultMenu     - createMenuBodyGameMenu()
11:30:29.672 [FXGL Background Thread 1 ] DEBUG FXGL.DefaultMenu     - createOptionsMenu()
11:30:29.691 [FXGL Background Thread 1 ] DEBUG GameApplicationServi - Application scenes initialized
11:30:29.702 [FXGL Background Thread 1 ] DEBUG SystemBundleService  - Loading FXGL system data
11:30:29.707 [FXGL Background Thread 1 ] DEBUG FileSystemAccess     - Reading from: D:\study\projects\FinalWeek2048\system\fxgl.bundle
11:30:29.713 [FXGL Background Thread 1 ] DEBUG SystemBundleService  - Bundle FXGL: {}
11:30:29.716 [FXGL Background Thread 3 ] DEBUG FXGLApplication      - Loading fonts
11:30:29.716 [FXGL Background Thread 1 ] DEBUG FXGLApplication      - Loading default localization
11:30:29.716 [FXGL Background Thread 3 ] DEBUG FXGLAssetLoaderServi - Loading from file system: jar:file:///C:/Users/sesuii/.m2/repository/com/github/almasb/fxgl/11.17/fxgl-11.17.jar!/fxglassets/ui/fonts/VarelaRound-Regular.ttf
11:30:29.716 [FXGL Background Thread 1 ] DEBUG FXGLAssetLoaderServi - Loading from file system: jar:file:///C:/Users/sesuii/.m2/repository/com/github/almasb/fxgl/11.17/fxgl-11.17.jar!/fxglassets/languages/english.lang
11:30:29.730 [FXGL Background Thread 1 ] INFO  FXGLApplication      - FXGL initialization took: 0.479 sec
11:30:29.743 [JavaFX Application Thread] DEBUG Input                - Registered new binding: 玩家一向右移动 - D
11:30:29.744 [JavaFX Application Thread] DEBUG Input                - Registered new binding: 玩家一向左移动 - A
11:30:29.744 [JavaFX Application Thread] DEBUG Input                - Registered new binding: 玩家一释放方块 - S
11:30:29.745 [JavaFX Application Thread] DEBUG Input                - Registered new binding: 玩家二向左移动 - Left
11:30:29.745 [JavaFX Application Thread] DEBUG Input                - Registered new binding: 玩家二向右移动 - Right
11:30:29.746 [JavaFX Application Thread] DEBUG Input                - Registered new binding: 玩家二释放方块 - Down
11:30:29.746 [JavaFX Application Thread] DEBUG FXGLAssetLoaderServi - Loading from file system: file:/D:/study/projects/FinalWeek2048/target/classes/assets/music/Scott%20Joplin.mp3
11:30:29.963 [FXGL Background Thread 3 ] DEBUG FXGLAssetLoaderServi - Loading from file system: jar:file:///C:/Users/sesuii/.m2/repository/com/github/almasb/fxgl/11.17/fxgl-11.17.jar!/fxglassets/ui/fonts/Abel-Regular.ttf
11:30:29.975 [FXGL Background Thread 3 ] DEBUG FXGLAssetLoaderServi - Loading from file system: jar:file:///C:/Users/sesuii/.m2/repository/com/github/almasb/fxgl/11.17/fxgl-11.17.jar!/fxglassets/ui/fonts/lucida_console.ttf
11:30:29.990 [FXGL Background Thread 3 ] DEBUG FXGLAssetLoaderServi - Loading from file system: jar:file:///C:/Users/sesuii/.m2/repository/com/github/almasb/fxgl/11.17/fxgl-11.17.jar!/fxglassets/ui/fonts/Courier-Prime.ttf
11:30:30.217 [JavaFX Application Thread] DEBUG AudioPlayer          - Playing music com.almasb.fxgl.audio.Music@44878426
11:30:30.218 [JavaFX Application Thread] DEBUG FXGLAssetLoaderServi - Loading from file system: jar:file:///C:/Users/sesuii/.m2/repository/com/github/almasb/fxgl/11.17/fxgl-11.17.jar!/fxglassets/textures/fxgl_icon.png
11:30:30.242 [JavaFX Application Thread] DEBUG FXGLAssetLoaderServi - Loading from file system: jar:file:///C:/Users/sesuii/.m2/repository/com/github/almasb/fxgl/11.17/fxgl-11.17.jar!/fxglassets/textures/fxgl_default_cursor.png
11:30:30.244 [JavaFX Application Thread] DEBUG Input                - Registered new binding: Screenshot - CTRL+8
11:30:30.246 [JavaFX Application Thread] DEBUG LoopRunner           - Starting loop
11:30:30.246 [JavaFX Application Thread] DEBUG LoopRunner           - Initializing JavaFX AnimationTimerLoop
11:30:30.248 [JavaFX Application Thread] DEBUG Input                - Clearing active input actions
11:30:30.258 [JavaFX Application Thread] DEBUG GameApplicationServi - Removing overlay from FXGLStartupScene and adding to FXGLMainMenuDummyScene
11:30:30.258 [JavaFX Application Thread] DEBUG PrimaryStageWindow   - FXGLStartupScene -> FXGLMainMenuDummyScene
11:30:30.258 [JavaFX Application Thread] DEBUG PrimaryStageWindow   - Push state: FXGLDefaultMenu
11:30:30.263 [JavaFX Application Thread] DEBUG Input                - Clearing active input actions
11:30:30.270 [JavaFX Application Thread] DEBUG GameApplicationServi - Removing overlay from FXGLMainMenuDummyScene and adding to FXGLDefaultMenu
11:30:30.271 [JavaFX Application Thread] DEBUG PrimaryStageWindow   - FXGLMainMenuDummyScene -> FXGLDefaultMenu
11:30:30.327 [JavaFX Application Thread] DEBUG FXGLApplication      - Registering font factories with UI factory
11:30:32.715 [FXGL Background Thread 2 ] DEBUG Engine               - Logging environment variables
11:30:32.716 [FXGL Background Thread 2 ] DEBUG Engine               - achievements: []
11:30:32.716 [FXGL Background Thread 2 ] DEBUG Engine               - actualHeight: 800.0
11:30:32.716 [FXGL Background Thread 2 ] DEBUG Engine               - actualHeightProperty: ReadOnlyDoubleProperty [value: 800.0]
11:30:32.716 [FXGL Background Thread 2 ] DEBUG Engine               - actualWidth: 1200.0
11:30:32.716 [FXGL Background Thread 2 ] DEBUG Engine               - actualWidthProperty: ReadOnlyDoubleProperty [value: 1200.0]
11:30:32.716 [FXGL Background Thread 2 ] DEBUG Engine               - appIcon: fxgl_icon.png
11:30:32.716 [FXGL Background Thread 2 ] DEBUG Engine               - applicationMode: RELEASE
11:30:32.717 [FXGL Background Thread 2 ] DEBUG Engine               - cSSList: [fxgl_dark.css]
11:30:32.717 [FXGL Background Thread 2 ] DEBUG Engine               - collisionDetectionStrategy: BRUTE_FORCE
11:30:32.717 [FXGL Background Thread 2 ] DEBUG Engine               - configClass: Optional.empty
11:30:32.717 [FXGL Background Thread 2 ] DEBUG Engine               - credits: []
11:30:32.717 [FXGL Background Thread 2 ] DEBUG Engine               - defaultCursor: CursorInfo(imageName=fxgl_default_cursor.png, hotspotX=7.0, hotspotY=6.0)
11:30:32.717 [FXGL Background Thread 2 ] DEBUG Engine               - devBBoxColorProperty: ObjectProperty [value: 0xff0000ff]
11:30:32.717 [FXGL Background Thread 2 ] DEBUG Engine               - devEnableDebugCameraProperty: BooleanProperty [value: false]
11:30:32.717 [FXGL Background Thread 2 ] DEBUG Engine               - devSensorColorProperty: ObjectProperty [value: 0xffff00ff]
11:30:32.718 [FXGL Background Thread 2 ] DEBUG Engine               - devShowBBoxProperty: BooleanProperty [value: false]
11:30:32.718 [FXGL Background Thread 2 ] DEBUG Engine               - devShowPositionProperty: BooleanProperty [value: false]
11:30:32.718 [FXGL Background Thread 2 ] DEBUG Engine               - enabledMenuItems: []
11:30:32.718 [FXGL Background Thread 2 ] DEBUG Engine               - engineServices: [class com.almasb.fxgl.app.services.FXGLAssetLoaderService, class com.almasb.fxgl.app.FXGLApplication$GameApplicationService, class com.almasb.fxgl.app.services.FXGLDialogService, class com.almasb.fxgl.app.services.IOTaskExecutorService, class com.almasb.fxgl.io.FileSystemService, class com.almasb.fxgl.localization.LocalizationService, class com.almasb.fxgl.app.services.SystemBundleService, class com.almasb.fxgl.profile.SaveLoadService, class com.almasb.fxgl.ui.FXGLUIFactoryServiceProvider, class com.almasb.fxgl.ui.FXGLDialogFactoryServiceProvider, class com.almasb.fxgl.audio.AudioPlayer, class com.almasb.fxgl.notification.impl.NotificationServiceProvider, class com.almasb.fxgl.achievement.AchievementService, class com.almasb.fxgl.cutscene.CutsceneService, class com.almasb.fxgl.minigames.MiniGameService, class com.almasb.fxgl.net.NetService, class com.almasb.fxgl.app.services.UpdaterService, class com.almasb.fxgl.dev.DevService]
11:30:32.719 [FXGL Background Thread 2 ] DEBUG Engine               - fontGame: Abel-Regular.ttf
11:30:32.719 [FXGL Background Thread 2 ] DEBUG Engine               - fontMono: lucida_console.ttf
11:30:32.719 [FXGL Background Thread 2 ] DEBUG Engine               - fontText: Courier-Prime.ttf
11:30:32.719 [FXGL Background Thread 2 ] DEBUG Engine               - fontUI: VarelaRound-Regular.ttf
11:30:32.719 [FXGL Background Thread 2 ] DEBUG Engine               - fullScreen: BooleanProperty [value: false]
11:30:32.719 [FXGL Background Thread 2 ] DEBUG Engine               - gameDifficulty: MEDIUM
11:30:32.719 [FXGL Background Thread 2 ] DEBUG Engine               - gameDifficultyProperty: ObjectProperty [value: MEDIUM]
11:30:32.719 [FXGL Background Thread 2 ] DEBUG Engine               - globalMusicVolume: 0.5
11:30:32.719 [FXGL Background Thread 2 ] DEBUG Engine               - globalMusicVolumeProperty: DoubleProperty [value: 1.0]
11:30:32.720 [FXGL Background Thread 2 ] DEBUG Engine               - globalSoundVolume: 0.5
11:30:32.720 [FXGL Background Thread 2 ] DEBUG Engine               - globalSoundVolumeProperty: DoubleProperty [value: 0.5]
11:30:32.720 [FXGL Background Thread 2 ] DEBUG Engine               - height: 800
11:30:32.720 [FXGL Background Thread 2 ] DEBUG Engine               - is3D: false
11:30:32.720 [FXGL Background Thread 2 ] DEBUG Engine               - isAndroid: false
11:30:32.720 [FXGL Background Thread 2 ] DEBUG Engine               - isBrowser: false
11:30:32.720 [FXGL Background Thread 2 ] DEBUG Engine               - isClickFeedbackEnabled: false
11:30:32.720 [FXGL Background Thread 2 ] DEBUG Engine               - isCloseConfirmation: false
11:30:32.720 [FXGL Background Thread 2 ] DEBUG Engine               - isDesktop: true
11:30:32.720 [FXGL Background Thread 2 ] DEBUG Engine               - isDeveloperMenuEnabled: false
11:30:32.720 [FXGL Background Thread 2 ] DEBUG Engine               - isEntityPreloadEnabled: true
11:30:32.720 [FXGL Background Thread 2 ] DEBUG Engine               - isExperimentalTiledLargeMap: false
11:30:32.720 [FXGL Background Thread 2 ] DEBUG Engine               - isFileSystemWriteAllowed: true
11:30:32.720 [FXGL Background Thread 2 ] DEBUG Engine               - isFullScreenAllowed: false
11:30:32.720 [FXGL Background Thread 2 ] DEBUG Engine               - isFullScreenFromStart: false
11:30:32.720 [FXGL Background Thread 2 ] DEBUG Engine               - isGameMenuEnabled: true
11:30:32.720 [FXGL Background Thread 2 ] DEBUG Engine               - isIOS: false
11:30:32.721 [FXGL Background Thread 2 ] DEBUG Engine               - isIntroEnabled: false
11:30:32.721 [FXGL Background Thread 2 ] DEBUG Engine               - isLinux: false
11:30:32.721 [FXGL Background Thread 2 ] DEBUG Engine               - isMac: false
11:30:32.721 [FXGL Background Thread 2 ] DEBUG Engine               - isMainMenuEnabled: true
11:30:32.721 [FXGL Background Thread 2 ] DEBUG Engine               - isManualResizeEnabled: true
11:30:32.721 [FXGL Background Thread 2 ] DEBUG Engine               - isMobile: false
11:30:32.721 [FXGL Background Thread 2 ] DEBUG Engine               - isNative: false
11:30:32.721 [FXGL Background Thread 2 ] DEBUG Engine               - isPauseMusicWhenMinimized: true
11:30:32.721 [FXGL Background Thread 2 ] DEBUG Engine               - isPreserveResizeRatio: true
11:30:32.721 [FXGL Background Thread 2 ] DEBUG Engine               - isProfilingEnabled: false
11:30:32.721 [FXGL Background Thread 2 ] DEBUG Engine               - isScaleAffectedOnResize: true
11:30:32.721 [FXGL Background Thread 2 ] DEBUG Engine               - isSingleStep: false
11:30:32.721 [FXGL Background Thread 2 ] DEBUG Engine               - isUserProfileEnabled: false
11:30:32.721 [FXGL Background Thread 2 ] DEBUG Engine               - isWindows: true
11:30:32.722 [FXGL Background Thread 2 ] DEBUG Engine               - language: ObjectProperty [value: ENGLISH]
11:30:32.722 [FXGL Background Thread 2 ] DEBUG Engine               - menuKey: ESCAPE
11:30:32.722 [FXGL Background Thread 2 ] DEBUG Engine               - mouseSensitivity: 0.2
11:30:32.722 [FXGL Background Thread 2 ] DEBUG Engine               - notificationViewClass: class com.almasb.fxgl.notification.view.XboxNotificationView
11:30:32.722 [FXGL Background Thread 2 ] DEBUG Engine               - pixelsPerMeter: 50.0
11:30:32.722 [FXGL Background Thread 2 ] DEBUG Engine               - platform: WINDOWS
11:30:32.722 [FXGL Background Thread 2 ] DEBUG Engine               - prefHeightProperty: ReadOnlyDoubleProperty [value: 800.0]
11:30:32.722 [FXGL Background Thread 2 ] DEBUG Engine               - prefWidthProperty: ReadOnlyDoubleProperty [value: 1200.0]
11:30:32.722 [FXGL Background Thread 2 ] DEBUG Engine               - profileDir: profiles/
11:30:32.722 [FXGL Background Thread 2 ] DEBUG Engine               - profileName: StringProperty [value: DEFAULT]
11:30:32.722 [FXGL Background Thread 2 ] DEBUG Engine               - randomSeed: -1
11:30:32.722 [FXGL Background Thread 2 ] DEBUG Engine               - runtimeInfo: RuntimeInfo(platform=WINDOWS, version=11.17, build=16.07.2021 15.46)
11:30:32.722 [FXGL Background Thread 2 ] DEBUG Engine               - saveFileExt: sav
11:30:32.722 [FXGL Background Thread 2 ] DEBUG Engine               - scaledHeightProp$fxgl: DoubleProperty [bound, value: 800.0]
11:30:32.722 [FXGL Background Thread 2 ] DEBUG Engine               - scaledWidthProp$fxgl: DoubleProperty [bound, value: 1200.0]
11:30:32.722 [FXGL Background Thread 2 ] DEBUG Engine               - sceneFactory: com.almasb.fxgl.app.scene.SceneFactory@1f6336d2
11:30:32.722 [FXGL Background Thread 2 ] DEBUG Engine               - secondsIn24h: 60
11:30:32.723 [FXGL Background Thread 2 ] DEBUG Engine               - soundMenuBack: menu/back.wav
11:30:32.723 [FXGL Background Thread 2 ] DEBUG Engine               - soundMenuPress: menu/press.wav
11:30:32.723 [FXGL Background Thread 2 ] DEBUG Engine               - soundMenuSelect: menu/select.wav
11:30:32.723 [FXGL Background Thread 2 ] DEBUG Engine               - soundNotification: core/notification.wav
11:30:32.723 [FXGL Background Thread 2 ] DEBUG Engine               - stageStyle: DECORATED
11:30:32.723 [FXGL Background Thread 2 ] DEBUG Engine               - supportedLanguages: [ENGLISH, FRENCH, GERMAN, HUNGARIAN, RUSSIAN]
11:30:32.723 [FXGL Background Thread 2 ] DEBUG Engine               - ticksPerSecond: -1
11:30:32.723 [FXGL Background Thread 2 ] DEBUG Engine               - title: Demo 2048
11:30:32.723 [FXGL Background Thread 2 ] DEBUG Engine               - urlGithub: https://github.com/AlmasB/FXGL
11:30:32.723 [FXGL Background Thread 2 ] DEBUG Engine               - urlLeaderboard: http://fxgl-top.herokuapp.com/
11:30:32.723 [FXGL Background Thread 2 ] DEBUG Engine               - urlPOM: https://raw.githubusercontent.com/AlmasB/FXGL/release/README.md
11:30:32.723 [FXGL Background Thread 2 ] DEBUG Engine               - userAppClass: class com.krillsong.finalweek2048.FinalWeek2048App
11:30:32.723 [FXGL Background Thread 2 ] DEBUG Engine               - version: 1.0
11:30:32.723 [FXGL Background Thread 2 ] DEBUG Engine               - versionCheckDays: 7
11:30:32.723 [FXGL Background Thread 2 ] DEBUG Engine               - width: 1200
11:30:32.723 [FXGL Background Thread 2 ] DEBUG Engine               - Logging services
11:30:32.723 [FXGL Background Thread 2 ] DEBUG Engine               - class com.almasb.fxgl.app.services.FXGLAssetLoaderService
11:30:32.724 [FXGL Background Thread 2 ] DEBUG Engine               - class com.almasb.fxgl.app.FXGLApplication$GameApplicationService
11:30:32.724 [FXGL Background Thread 2 ] DEBUG Engine               - class com.almasb.fxgl.app.services.FXGLDialogService
11:30:32.724 [FXGL Background Thread 2 ] DEBUG Engine               - class com.almasb.fxgl.app.services.IOTaskExecutorService
11:30:32.724 [FXGL Background Thread 2 ] DEBUG Engine               - class com.almasb.fxgl.io.FileSystemService
11:30:32.724 [FXGL Background Thread 2 ] DEBUG Engine               - class com.almasb.fxgl.localization.LocalizationService
11:30:32.724 [FXGL Background Thread 2 ] DEBUG Engine               - class com.almasb.fxgl.app.services.SystemBundleService
11:30:32.724 [FXGL Background Thread 2 ] DEBUG Engine               - class com.almasb.fxgl.profile.SaveLoadService
11:30:32.724 [FXGL Background Thread 2 ] DEBUG Engine               - class com.almasb.fxgl.ui.FXGLUIFactoryServiceProvider
11:30:32.724 [FXGL Background Thread 2 ] DEBUG Engine               - class com.almasb.fxgl.ui.FXGLDialogFactoryServiceProvider
11:30:32.724 [FXGL Background Thread 2 ] DEBUG Engine               - class com.almasb.fxgl.audio.AudioPlayer
11:30:32.724 [FXGL Background Thread 2 ] DEBUG Engine               - class com.almasb.fxgl.notification.impl.NotificationServiceProvider
11:30:32.724 [FXGL Background Thread 2 ] DEBUG Engine               - class com.almasb.fxgl.achievement.AchievementService
11:30:32.724 [FXGL Background Thread 2 ] DEBUG Engine               - class com.almasb.fxgl.cutscene.CutsceneService
11:30:32.724 [FXGL Background Thread 2 ] DEBUG Engine               - class com.almasb.fxgl.minigames.MiniGameService
11:30:32.724 [FXGL Background Thread 2 ] DEBUG Engine               - class com.almasb.fxgl.net.NetService
11:30:32.725 [FXGL Background Thread 2 ] DEBUG Engine               - class com.almasb.fxgl.app.services.UpdaterService
11:30:32.725 [FXGL Background Thread 2 ] DEBUG Engine               - class com.almasb.fxgl.dev.DevService
11:30:37.670 [JavaFX Application Thread] DEBUG Menu                 - fireNewGame()
11:30:37.671 [JavaFX Application Thread] DEBUG GameApplicationServi - Starting new game
11:30:37.673 [JavaFX Application Thread] DEBUG PrimaryStageWindow   - Pop state: FXGLDefaultMenu
11:30:37.673 [JavaFX Application Thread] DEBUG Input                - Clearing active input actions
11:30:37.675 [JavaFX Application Thread] DEBUG GameApplicationServi - Removing overlay from FXGLDefaultMenu and adding to FXGLMainMenuDummyScene
11:30:37.675 [JavaFX Application Thread] DEBUG PrimaryStageWindow   - FXGLMainMenuDummyScene <- FXGLDefaultMenu
11:30:37.675 [JavaFX Application Thread] DEBUG Input                - Clearing active input actions
11:30:37.679 [JavaFX Application Thread] DEBUG GameApplicationServi - Removing overlay from FXGLMainMenuDummyScene and adding to FXGLLoadingScene
11:30:37.680 [JavaFX Application Thread] DEBUG PrimaryStageWindow   - FXGLMainMenuDummyScene -> FXGLLoadingScene
11:30:37.680 [JavaFX Application Thread] DEBUG GameApplicationServi - Clearing previous game
11:30:37.680 [JavaFX Application Thread] DEBUG GameScene            - Clearing game scene
11:30:37.680 [JavaFX Application Thread] DEBUG GameWorld            - Clearing game world
11:30:37.680 [JavaFX Application Thread] DEBUG PhysicsWorld         - Clearing physics world
11:30:37.681 [FXGL Background Thread 3 ] DEBUG FXGLApplication      - Initializing game
11:30:37.690 [FXGL Background Thread 3 ] DEBUG FXGLAssetLoaderServi - Loading from file system: file:/D:/study/projects/FinalWeek2048/target/classes/assets/textures/backgroundColorGrass.png
11:30:37.735 [FXGL Background Thread 3 ] DEBUG FXGLAssetLoaderServi - Loading from file system: file:/D:/study/projects/FinalWeek2048/target/classes/assets/textures/bookblock_2.png
11:30:37.742 [FXGL Background Thread 3 ] DEBUG FXGLAssetLoaderServi - Loading from file system: file:/D:/study/projects/FinalWeek2048/target/classes/assets/textures/bookblock_4.png
11:30:37.760 [FXGL Background Thread 3 ] DEBUG FXGLAssetLoaderServi - Loading from file system: file:/D:/study/projects/FinalWeek2048/target/classes/assets/textures/bookblock_8.png
11:30:37.762 [FXGL Background Thread 3 ] DEBUG FXGLAssetLoaderServi - Loading from file system: file:/D:/study/projects/FinalWeek2048/target/classes/assets/textures/bookblock_16.png
11:30:37.766 [FXGL Background Thread 3 ] DEBUG FXGLAssetLoaderServi - Loading from file system: file:/D:/study/projects/FinalWeek2048/target/classes/assets/textures/bookblock_32.png
11:30:37.770 [FXGL Background Thread 3 ] DEBUG FXGLAssetLoaderServi - Loading from file system: file:/D:/study/projects/FinalWeek2048/target/classes/assets/textures/bookblock_64.png
11:30:37.775 [FXGL Background Thread 3 ] DEBUG FXGLAssetLoaderServi - Loading from file system: file:/D:/study/projects/FinalWeek2048/target/classes/assets/textures/bookblock_256.png
11:30:37.790 [FXGL Background Thread 3 ] DEBUG FXGLAssetLoaderServi - Loading from file system: file:/D:/study/projects/FinalWeek2048/target/classes/assets/textures/bookblock_1024.png
11:30:37.795 [FXGL Background Thread 3 ] DEBUG FXGLAssetLoaderServi - Loading from file system: file:/D:/study/projects/FinalWeek2048/target/classes/assets/textures/bookblock_2048.png
11:30:37.804 [FXGL Background Thread 3 ] DEBUG GameWorld            - Clearing removable entities
11:30:37.804 [FXGL Background Thread 3 ] DEBUG GameWorld            - Setting level: com.almasb.fxgl.entity.level.Level@29fc43e8
11:30:37.844 [FXGL Background Thread 3 ] DEBUG FXGLAssetLoaderServi - Loading from file system: file:/D:/study/projects/FinalWeek2048/target/classes/assets/textures/Female/Poses/female_idle.png
11:30:37.854 [FXGL Background Thread 3 ] DEBUG FXGLAssetLoaderServi - Loading from file system: file:/D:/study/projects/FinalWeek2048/target/classes/assets/textures/Player/Poses/player_idle.png
11:30:37.857 [FXGL Background Thread 3 ] INFO  FXGLApplication      - Game initialization took: 0.177 sec
11:30:37.858 [JavaFX Application Thread] DEBUG Input                - Clearing active input actions
11:30:37.866 [JavaFX Application Thread] DEBUG GameApplicationServi - Removing overlay from FXGLLoadingScene and adding to GameScene
11:30:37.866 [JavaFX Application Thread] DEBUG PrimaryStageWindow   - FXGLLoadingScene -> GameScene
11:30:39.614 [JavaFX Application Thread] WARN  GameWorld            - Entity is already attached to world
11:30:40.747 [JavaFX Application Thread] WARN  GameWorld            - Entity is already attached to world
11:30:42.597 [JavaFX Application Thread] DEBUG FXGLApplication      - Exiting FXGL
11:30:42.597 [JavaFX Application Thread] DEBUG LoopRunner           - Stopping loop
11:30:42.597 [JavaFX Application Thread] DEBUG SystemBundleService  - Saving FXGL system data
11:30:42.599 [JavaFX Application Thread] DEBUG FileSystemAccess     - Writing to: D:\study\projects\FinalWeek2048\system\fxgl.bundle
11:30:42.600 [JavaFX Application Thread] DEBUG Async                - Shutting down background threads
11:30:42.600 [JavaFX Application Thread] DEBUG PrimaryStageWindow   - Closing main window
11:30:42.610 [JavaFX Application Thread] DEBUG Logger               - Closing Logger
