17:12:43.614 [main                     ] DEBUG Logger               - Configured Logger
17:12:43.645 [main                     ] DEBUG GameApplication      - Logging settings
Title: Demo 2048
Version: 1.0
Width: 1200
Height: 800
Fullscreen: false
Intro: false
Profiling: false
Single step:false
App Mode: DEVELOPER
Menu Key: ESCAPE
Stage Style: DECORATED
Scene Factory: class com.almasb.fxgl.app.scene.SceneFactory

17:12:44.003 [JavaFX Application Thread] DEBUG FXGLApplication      - Initializing FXGL
17:12:44.005 [JavaFX Application Thread] INFO  Engine               - FXGL-11.17 (16.07.2021 15.46) on WINDOWS (J:11.0.11 FX:16)
17:12:44.005 [JavaFX Application Thread] DEBUG Engine               - JRE Vendor Name: Oracle Corporation
17:12:44.006 [JavaFX Application Thread] DEBUG Engine               - Running on OS: Windows 10 version 10.0
17:12:44.006 [JavaFX Application Thread] DEBUG Engine               - Architecture: amd64
17:12:44.006 [JavaFX Application Thread] INFO  Engine               - Source code and latest versions at: https://github.com/AlmasB/FXGL
17:12:44.006 [JavaFX Application Thread] INFO  Engine               -              Join the FXGL chat at: https://gitter.im/AlmasB/FXGL
17:12:44.084 [JavaFX Application Thread] DEBUG PrimaryStageWindow   - Creating a JavaFX scene
17:12:44.139 [JavaFX Application Thread] DEBUG PrimaryStageWindow   - Target settings size: 1200.0 x 800.0
17:12:44.139 [JavaFX Application Thread] DEBUG PrimaryStageWindow   - Scaled scene size:    1200.0 x 800.0
17:12:44.140 [JavaFX Application Thread] DEBUG PrimaryStageWindow   - Scaled ratio: (1.0, 1.0)
17:12:44.140 [JavaFX Application Thread] DEBUG PrimaryStageWindow   - Set initial scene to FXGLStartupScene
17:12:44.146 [JavaFX Application Thread] DEBUG PrimaryStageWindow   - Opening main window
17:12:44.210 [JavaFX Application Thread] DEBUG PrimaryStageWindow   - Window border size: (14.6666259765625, 37.33331298828125)
17:12:44.210 [JavaFX Application Thread] DEBUG PrimaryStageWindow   - Scaled size: 1200.0 x 800.0
17:12:44.210 [JavaFX Application Thread] DEBUG PrimaryStageWindow   - Scaled ratio: (1.0, 1.0)
17:12:44.211 [JavaFX Application Thread] DEBUG PrimaryStageWindow   - Scene size: 1200.0 x 800.0
17:12:44.211 [JavaFX Application Thread] DEBUG PrimaryStageWindow   - Stage size: 1214.6666259765625 x 837.3333129882812
17:12:44.216 [FXGL Background Thread 1 ] DEBUG Engine               - Initializing environment variables
17:12:44.273 [FXGL Background Thread 1 ] DEBUG FXGLAssetLoaderServi - User app class for loading assets: class com.krillsong.finalweek2048.FinalWeek2048App
17:12:44.273 [FXGL Background Thread 1 ] DEBUG GameApplicationServi - Applying CSS: fxgl_dark.css
17:12:44.275 [FXGL Background Thread 1 ] DEBUG FXGLAssetLoaderServi - Loading from file system: jar:file:///C:/Users/sesuii/.m2/repository/com/github/almasb/fxgl/11.17/fxgl-11.17.jar!/fxglassets/ui/css/fxgl_dark.css
17:12:44.328 [FXGL Background Thread 1 ] DEBUG GameApplicationServi - Initializing application scenes
17:12:44.398 [FXGL Background Thread 1 ] DEBUG GameWorld            - Game world initialized
17:12:44.455 [FXGL Background Thread 1 ] DEBUG PhysicsWorld         - Physics world initialized: appHeight=800, physics.ppm=50.0
17:12:44.455 [FXGL Background Thread 1 ] DEBUG PhysicsWorld         - Using strategy: BRUTE_FORCE
17:12:44.458 [FXGL Background Thread 1 ] DEBUG GameScene            - Game scene initialized: 1200x800
17:12:44.472 [FXGL Background Thread 1 ] DEBUG FXGL.DefaultMenu     - createMenuBodyGameMenu()
17:12:44.485 [FXGL Background Thread 1 ] DEBUG FXGL.DefaultMenu     - createOptionsMenu()
17:12:44.496 [FXGL Background Thread 1 ] DEBUG FXGLAssetLoaderServi - Loading from file system: jar:file:///C:/Users/sesuii/.m2/repository/com/github/almasb/fxgl/11.17/fxgl-11.17.jar!/fxglassets/textures/particles/smoke.png
17:12:44.576 [FXGL Background Thread 1 ] DEBUG FXGLAssetLoaderServi - Loading from file system: jar:file:///C:/Users/sesuii/.m2/repository/com/github/almasb/fxgl/11.17/fxgl-11.17.jar!/fxglassets/textures/particles/trace_horizontal.png
17:12:44.593 [FXGL Background Thread 1 ] DEBUG GameApplicationServi - Application scenes initialized
17:12:44.599 [FXGL Background Thread 1 ] DEBUG SystemBundleService  - Loading FXGL system data
17:12:44.603 [FXGL Background Thread 1 ] DEBUG FileSystemAccess     - Reading from: D:\study\projects\FinalWeek2048\system\fxgl.bundle
17:12:44.607 [FXGL Background Thread 1 ] DEBUG SystemBundleService  - Bundle FXGL: {}
17:12:44.607 [FXGL Background Thread 1 ] DEBUG UpdaterService       - Checking for updates
17:12:44.609 [FXGL Background Thread 4 ] DEBUG FXGLApplication      - Loading fonts
17:12:44.609 [FXGL Background Thread 1 ] DEBUG FXGLApplication      - Loading default localization
17:12:44.609 [FXGL Background Thread 4 ] DEBUG FXGLAssetLoaderServi - Loading from file system: jar:file:///C:/Users/sesuii/.m2/repository/com/github/almasb/fxgl/11.17/fxgl-11.17.jar!/fxglassets/ui/fonts/VarelaRound-Regular.ttf
17:12:44.610 [FXGL Background Thread 1 ] DEBUG FXGLAssetLoaderServi - Loading from file system: jar:file:///C:/Users/sesuii/.m2/repository/com/github/almasb/fxgl/11.17/fxgl-11.17.jar!/fxglassets/languages/english.lang
17:12:44.621 [FXGL Background Thread 1 ] INFO  FXGLApplication      - FXGL initialization took: 0.404 sec
17:12:44.634 [JavaFX Application Thread] DEBUG Input                - Registered new binding: action0 - D
17:12:44.634 [JavaFX Application Thread] DEBUG Input                - Registered new binding: action1 - A
17:12:44.634 [JavaFX Application Thread] DEBUG Input                - Registered new binding: action2 - S
17:12:44.635 [JavaFX Application Thread] DEBUG Input                - Registered new binding: action3 - Left
17:12:44.635 [JavaFX Application Thread] DEBUG Input                - Registered new binding: action4 - Right
17:12:44.635 [JavaFX Application Thread] DEBUG Input                - Registered new binding: action5 - Down
17:12:44.636 [JavaFX Application Thread] DEBUG FXGLAssetLoaderServi - Loading from file system: jar:file:///C:/Users/sesuii/.m2/repository/com/github/almasb/fxgl/11.17/fxgl-11.17.jar!/fxglassets/textures/fxgl_icon.png
17:12:44.655 [JavaFX Application Thread] DEBUG FXGLAssetLoaderServi - Loading from file system: jar:file:///C:/Users/sesuii/.m2/repository/com/github/almasb/fxgl/11.17/fxgl-11.17.jar!/fxglassets/textures/fxgl_default_cursor.png
17:12:44.656 [JavaFX Application Thread] DEBUG Input                - Registered new binding: Screenshot - CTRL+8
17:12:44.657 [JavaFX Application Thread] DEBUG Input                - Registered new binding: System info dump - CTRL+9
17:12:44.657 [JavaFX Application Thread] DEBUG Input                - Registered new binding: Restart - CTRL+R
17:12:44.657 [JavaFX Application Thread] DEBUG Input                - Registered new binding: Toggle Debug Camera - CTRL+C
17:12:44.659 [JavaFX Application Thread] DEBUG LoopRunner           - Starting loop
17:12:44.659 [JavaFX Application Thread] DEBUG LoopRunner           - Initializing JavaFX AnimationTimerLoop
17:12:44.660 [JavaFX Application Thread] DEBUG GameApplicationServi - Starting new game
17:12:44.661 [JavaFX Application Thread] DEBUG Input                - Clearing active input actions
17:12:44.670 [JavaFX Application Thread] DEBUG GameApplicationServi - Removing overlay from FXGLStartupScene and adding to FXGLLoadingScene
17:12:44.671 [JavaFX Application Thread] DEBUG PrimaryStageWindow   - FXGLStartupScene -> FXGLLoadingScene
17:12:44.671 [JavaFX Application Thread] DEBUG GameApplicationServi - Clearing previous game
17:12:44.671 [JavaFX Application Thread] DEBUG GameScene            - Clearing game scene
17:12:44.671 [JavaFX Application Thread] DEBUG GameWorld            - Clearing game world
17:12:44.671 [JavaFX Application Thread] DEBUG PhysicsWorld         - Clearing physics world
17:12:44.672 [FXGL Background Thread 1 ] DEBUG FXGLApplication      - Initializing game
17:12:44.693 [FXGL Background Thread 1 ] DEBUG FXGLAssetLoaderServi - Loading from file system: file:/D:/study/projects/FinalWeek2048/target/classes/assets/textures/backgroundColorGrass.png
17:12:44.750 [FXGL Background Thread 1 ] DEBUG FXGLAssetLoaderServi - Loading from file system: file:/D:/study/projects/FinalWeek2048/target/classes/assets/textures/bookblock_2.png
17:12:44.756 [FXGL Background Thread 1 ] DEBUG FXGLAssetLoaderServi - Loading from file system: file:/D:/study/projects/FinalWeek2048/target/classes/assets/textures/bookblock_4.png
17:12:44.779 [FXGL Background Thread 1 ] DEBUG FXGLAssetLoaderServi - Loading from file system: file:/D:/study/projects/FinalWeek2048/target/classes/assets/textures/bookblock_8.png
17:12:44.782 [FXGL Background Thread 1 ] DEBUG FXGLAssetLoaderServi - Loading from file system: file:/D:/study/projects/FinalWeek2048/target/classes/assets/textures/bookblock_16.png
17:12:44.787 [FXGL Background Thread 1 ] DEBUG FXGLAssetLoaderServi - Loading from file system: file:/D:/study/projects/FinalWeek2048/target/classes/assets/textures/bookblock_32.png
17:12:44.789 [FXGL Background Thread 1 ] DEBUG FXGLAssetLoaderServi - Loading from file system: file:/D:/study/projects/FinalWeek2048/target/classes/assets/textures/bookblock_64.png
17:12:44.796 [FXGL Background Thread 1 ] DEBUG FXGLAssetLoaderServi - Loading from file system: file:/D:/study/projects/FinalWeek2048/target/classes/assets/textures/bookblock_256.png
17:12:44.814 [FXGL Background Thread 1 ] DEBUG FXGLAssetLoaderServi - Loading from file system: file:/D:/study/projects/FinalWeek2048/target/classes/assets/textures/bookblock_1024.png
17:12:44.815 [FXGL Background Thread 4 ] DEBUG FXGLAssetLoaderServi - Loading from file system: jar:file:///C:/Users/sesuii/.m2/repository/com/github/almasb/fxgl/11.17/fxgl-11.17.jar!/fxglassets/ui/fonts/Abel-Regular.ttf
17:12:44.825 [FXGL Background Thread 1 ] DEBUG FXGLAssetLoaderServi - Loading from file system: file:/D:/study/projects/FinalWeek2048/target/classes/assets/textures/bookblock_2048.png
17:12:44.829 [FXGL Background Thread 4 ] DEBUG FXGLAssetLoaderServi - Loading from file system: jar:file:///C:/Users/sesuii/.m2/repository/com/github/almasb/fxgl/11.17/fxgl-11.17.jar!/fxglassets/ui/fonts/lucida_console.ttf
17:12:44.830 [FXGL Background Thread 1 ] DEBUG GameWorld            - Clearing removable entities
17:12:44.830 [FXGL Background Thread 1 ] DEBUG GameWorld            - Setting level: com.almasb.fxgl.entity.level.Level@6a91de3e
17:12:44.843 [FXGL Background Thread 4 ] DEBUG FXGLAssetLoaderServi - Loading from file system: jar:file:///C:/Users/sesuii/.m2/repository/com/github/almasb/fxgl/11.17/fxgl-11.17.jar!/fxglassets/ui/fonts/Courier-Prime.ttf
17:12:44.865 [FXGL Background Thread 1 ] DEBUG FXGLAssetLoaderServi - Loading from file system: file:/D:/study/projects/FinalWeek2048/target/classes/assets/textures/Female/Poses/female_idle.png
17:12:44.872 [JavaFX Application Thread] DEBUG FXGLApplication      - Registering font factories with UI factory
17:12:44.873 [FXGL Background Thread 1 ] DEBUG FXGLAssetLoaderServi - Loading from file system: file:/D:/study/projects/FinalWeek2048/target/classes/assets/textures/Player/Poses/player_idle.png
17:12:44.875 [FXGL Background Thread 1 ] INFO  FXGLApplication      - Game initialization took: 0.203 sec
17:12:44.889 [JavaFX Application Thread] DEBUG Input                - Clearing active input actions
17:12:44.900 [JavaFX Application Thread] DEBUG GameApplicationServi - Removing overlay from FXGLLoadingScene and adding to GameScene
17:12:44.901 [JavaFX Application Thread] DEBUG PrimaryStageWindow   - FXGLLoadingScene -> GameScene
17:12:47.610 [FXGL Background Thread 3 ] DEBUG Engine               - Logging environment variables
17:12:47.611 [FXGL Background Thread 3 ] DEBUG Engine               - achievements: []
17:12:47.611 [FXGL Background Thread 3 ] DEBUG Engine               - actualHeight: 800.0
17:12:47.611 [FXGL Background Thread 3 ] DEBUG Engine               - actualHeightProperty: ReadOnlyDoubleProperty [value: 800.0]
17:12:47.611 [FXGL Background Thread 3 ] DEBUG Engine               - actualWidth: 1200.0
17:12:47.611 [FXGL Background Thread 3 ] DEBUG Engine               - actualWidthProperty: ReadOnlyDoubleProperty [value: 1200.0]
17:12:47.611 [FXGL Background Thread 3 ] DEBUG Engine               - appIcon: fxgl_icon.png
17:12:47.611 [FXGL Background Thread 3 ] DEBUG Engine               - applicationMode: DEVELOPER
17:12:47.611 [FXGL Background Thread 3 ] DEBUG Engine               - cSSList: [fxgl_dark.css]
17:12:47.611 [FXGL Background Thread 3 ] DEBUG Engine               - collisionDetectionStrategy: BRUTE_FORCE
17:12:47.612 [FXGL Background Thread 3 ] DEBUG Engine               - configClass: Optional.empty
17:12:47.612 [FXGL Background Thread 3 ] DEBUG Engine               - credits: []
17:12:47.612 [FXGL Background Thread 3 ] DEBUG Engine               - defaultCursor: CursorInfo(imageName=fxgl_default_cursor.png, hotspotX=7.0, hotspotY=6.0)
17:12:47.612 [FXGL Background Thread 3 ] DEBUG Engine               - devBBoxColorProperty: ObjectProperty [value: 0xff0000ff]
17:12:47.612 [FXGL Background Thread 3 ] DEBUG Engine               - devEnableDebugCameraProperty: BooleanProperty [value: false]
17:12:47.612 [FXGL Background Thread 3 ] DEBUG Engine               - devSensorColorProperty: ObjectProperty [value: 0xffff00ff]
17:12:47.612 [FXGL Background Thread 3 ] DEBUG Engine               - devShowBBoxProperty: BooleanProperty [value: false]
17:12:47.613 [FXGL Background Thread 3 ] DEBUG Engine               - devShowPositionProperty: BooleanProperty [value: false]
17:12:47.613 [FXGL Background Thread 3 ] DEBUG Engine               - enabledMenuItems: []
17:12:47.613 [FXGL Background Thread 3 ] DEBUG Engine               - engineServices: [class com.almasb.fxgl.app.services.FXGLAssetLoaderService, class com.almasb.fxgl.app.FXGLApplication$GameApplicationService, class com.almasb.fxgl.app.services.FXGLDialogService, class com.almasb.fxgl.app.services.IOTaskExecutorService, class com.almasb.fxgl.io.FileSystemService, class com.almasb.fxgl.localization.LocalizationService, class com.almasb.fxgl.app.services.SystemBundleService, class com.almasb.fxgl.profile.SaveLoadService, class com.almasb.fxgl.ui.FXGLUIFactoryServiceProvider, class com.almasb.fxgl.ui.FXGLDialogFactoryServiceProvider, class com.almasb.fxgl.audio.AudioPlayer, class com.almasb.fxgl.notification.impl.NotificationServiceProvider, class com.almasb.fxgl.achievement.AchievementService, class com.almasb.fxgl.cutscene.CutsceneService, class com.almasb.fxgl.minigames.MiniGameService, class com.almasb.fxgl.net.NetService, class com.almasb.fxgl.app.services.UpdaterService, class com.almasb.fxgl.dev.DevService]
17:12:47.613 [FXGL Background Thread 3 ] DEBUG Engine               - fontGame: Abel-Regular.ttf
17:12:47.613 [FXGL Background Thread 3 ] DEBUG Engine               - fontMono: lucida_console.ttf
17:12:47.613 [FXGL Background Thread 3 ] DEBUG Engine               - fontText: Courier-Prime.ttf
17:12:47.613 [FXGL Background Thread 3 ] DEBUG Engine               - fontUI: VarelaRound-Regular.ttf
17:12:47.613 [FXGL Background Thread 3 ] DEBUG Engine               - fullScreen: BooleanProperty [value: false]
17:12:47.613 [FXGL Background Thread 3 ] DEBUG Engine               - gameDifficulty: MEDIUM
17:12:47.613 [FXGL Background Thread 3 ] DEBUG Engine               - gameDifficultyProperty: ObjectProperty [value: MEDIUM]
17:12:47.613 [FXGL Background Thread 3 ] DEBUG Engine               - globalMusicVolume: 0.5
17:12:47.613 [FXGL Background Thread 3 ] DEBUG Engine               - globalMusicVolumeProperty: DoubleProperty [value: 0.5]
17:12:47.613 [FXGL Background Thread 3 ] DEBUG Engine               - globalSoundVolume: 0.5
17:12:47.613 [FXGL Background Thread 3 ] DEBUG Engine               - globalSoundVolumeProperty: DoubleProperty [value: 0.5]
17:12:47.614 [FXGL Background Thread 3 ] DEBUG Engine               - height: 800
17:12:47.614 [FXGL Background Thread 3 ] DEBUG Engine               - is3D: false
17:12:47.614 [FXGL Background Thread 3 ] DEBUG Engine               - isAndroid: false
17:12:47.614 [FXGL Background Thread 3 ] DEBUG Engine               - isBrowser: false
17:12:47.614 [FXGL Background Thread 3 ] DEBUG Engine               - isClickFeedbackEnabled: false
17:12:47.614 [FXGL Background Thread 3 ] DEBUG Engine               - isCloseConfirmation: false
17:12:47.614 [FXGL Background Thread 3 ] DEBUG Engine               - isDesktop: true
17:12:47.614 [FXGL Background Thread 3 ] DEBUG Engine               - isDeveloperMenuEnabled: false
17:12:47.614 [FXGL Background Thread 3 ] DEBUG Engine               - isEntityPreloadEnabled: true
17:12:47.614 [FXGL Background Thread 3 ] DEBUG Engine               - isExperimentalTiledLargeMap: false
17:12:47.614 [FXGL Background Thread 3 ] DEBUG Engine               - isFileSystemWriteAllowed: true
17:12:47.614 [FXGL Background Thread 3 ] DEBUG Engine               - isFullScreenAllowed: false
17:12:47.614 [FXGL Background Thread 3 ] DEBUG Engine               - isFullScreenFromStart: false
17:12:47.614 [FXGL Background Thread 3 ] DEBUG Engine               - isGameMenuEnabled: true
17:12:47.614 [FXGL Background Thread 3 ] DEBUG Engine               - isIOS: false
17:12:47.614 [FXGL Background Thread 3 ] DEBUG Engine               - isIntroEnabled: false
17:12:47.614 [FXGL Background Thread 3 ] DEBUG Engine               - isLinux: false
17:12:47.614 [FXGL Background Thread 3 ] DEBUG Engine               - isMac: false
17:12:47.615 [FXGL Background Thread 3 ] DEBUG Engine               - isMainMenuEnabled: false
17:12:47.615 [FXGL Background Thread 3 ] DEBUG Engine               - isManualResizeEnabled: false
17:12:47.615 [FXGL Background Thread 3 ] DEBUG Engine               - isMobile: false
17:12:47.615 [FXGL Background Thread 3 ] DEBUG Engine               - isNative: false
17:12:47.615 [FXGL Background Thread 3 ] DEBUG Engine               - isPauseMusicWhenMinimized: true
17:12:47.615 [FXGL Background Thread 3 ] DEBUG Engine               - isPreserveResizeRatio: false
17:12:47.615 [FXGL Background Thread 3 ] DEBUG Engine               - isProfilingEnabled: false
17:12:47.615 [FXGL Background Thread 3 ] DEBUG Engine               - isScaleAffectedOnResize: true
17:12:47.615 [FXGL Background Thread 3 ] DEBUG Engine               - isSingleStep: false
17:12:47.615 [FXGL Background Thread 3 ] DEBUG Engine               - isUserProfileEnabled: false
17:12:47.615 [FXGL Background Thread 3 ] DEBUG Engine               - isWindows: true
17:12:47.615 [FXGL Background Thread 3 ] DEBUG Engine               - language: ObjectProperty [value: ENGLISH]
17:12:47.615 [FXGL Background Thread 3 ] DEBUG Engine               - menuKey: ESCAPE
17:12:47.615 [FXGL Background Thread 3 ] DEBUG Engine               - mouseSensitivity: 0.2
17:12:47.615 [FXGL Background Thread 3 ] DEBUG Engine               - notificationViewClass: class com.almasb.fxgl.notification.view.XboxNotificationView
17:12:47.615 [FXGL Background Thread 3 ] DEBUG Engine               - pixelsPerMeter: 50.0
17:12:47.615 [FXGL Background Thread 3 ] DEBUG Engine               - platform: WINDOWS
17:12:47.615 [FXGL Background Thread 3 ] DEBUG Engine               - prefHeightProperty: ReadOnlyDoubleProperty [value: 800.0]
17:12:47.615 [FXGL Background Thread 3 ] DEBUG Engine               - prefWidthProperty: ReadOnlyDoubleProperty [value: 1200.0]
17:12:47.615 [FXGL Background Thread 3 ] DEBUG Engine               - profileDir: profiles/
17:12:47.616 [FXGL Background Thread 3 ] DEBUG Engine               - profileName: StringProperty [value: DEFAULT]
17:12:47.616 [FXGL Background Thread 3 ] DEBUG Engine               - randomSeed: -1
17:12:47.616 [FXGL Background Thread 3 ] DEBUG Engine               - runtimeInfo: RuntimeInfo(platform=WINDOWS, version=11.17, build=16.07.2021 15.46)
17:12:47.616 [FXGL Background Thread 3 ] DEBUG Engine               - saveFileExt: sav
17:12:47.616 [FXGL Background Thread 3 ] DEBUG Engine               - scaledHeightProp$fxgl: DoubleProperty [bound, value: 800.0]
17:12:47.616 [FXGL Background Thread 3 ] DEBUG Engine               - scaledWidthProp$fxgl: DoubleProperty [bound, value: 1200.0]
17:12:47.616 [FXGL Background Thread 3 ] DEBUG Engine               - sceneFactory: com.almasb.fxgl.app.scene.SceneFactory@7f80a54
17:12:47.616 [FXGL Background Thread 3 ] DEBUG Engine               - secondsIn24h: 60
17:12:47.616 [FXGL Background Thread 3 ] DEBUG Engine               - soundMenuBack: menu/back.wav
17:12:47.616 [FXGL Background Thread 3 ] DEBUG Engine               - soundMenuPress: menu/press.wav
17:12:47.616 [FXGL Background Thread 3 ] DEBUG Engine               - soundMenuSelect: menu/select.wav
17:12:47.616 [FXGL Background Thread 3 ] DEBUG Engine               - soundNotification: core/notification.wav
17:12:47.616 [FXGL Background Thread 3 ] DEBUG Engine               - stageStyle: DECORATED
17:12:47.616 [FXGL Background Thread 3 ] DEBUG Engine               - supportedLanguages: [ENGLISH, FRENCH, GERMAN, HUNGARIAN, RUSSIAN]
17:12:47.616 [FXGL Background Thread 3 ] DEBUG Engine               - ticksPerSecond: -1
17:12:47.616 [FXGL Background Thread 3 ] DEBUG Engine               - title: Demo 2048
17:12:47.617 [FXGL Background Thread 3 ] DEBUG Engine               - urlGithub: https://github.com/AlmasB/FXGL
17:12:47.617 [FXGL Background Thread 3 ] DEBUG Engine               - urlLeaderboard: http://fxgl-top.herokuapp.com/
17:12:47.617 [FXGL Background Thread 3 ] DEBUG Engine               - urlPOM: https://raw.githubusercontent.com/AlmasB/FXGL/release/README.md
17:12:47.617 [FXGL Background Thread 3 ] DEBUG Engine               - userAppClass: class com.krillsong.finalweek2048.FinalWeek2048App
17:12:47.617 [FXGL Background Thread 3 ] DEBUG Engine               - version: 1.0
17:12:47.617 [FXGL Background Thread 3 ] DEBUG Engine               - versionCheckDays: 7
17:12:47.617 [FXGL Background Thread 3 ] DEBUG Engine               - width: 1200
17:12:47.617 [FXGL Background Thread 3 ] DEBUG Engine               - Logging services
17:12:47.617 [FXGL Background Thread 3 ] DEBUG Engine               - class com.almasb.fxgl.app.services.FXGLAssetLoaderService
17:12:47.617 [FXGL Background Thread 3 ] DEBUG Engine               - class com.almasb.fxgl.app.FXGLApplication$GameApplicationService
17:12:47.617 [FXGL Background Thread 3 ] DEBUG Engine               - class com.almasb.fxgl.app.services.FXGLDialogService
17:12:47.617 [FXGL Background Thread 3 ] DEBUG Engine               - class com.almasb.fxgl.app.services.IOTaskExecutorService
17:12:47.617 [FXGL Background Thread 3 ] DEBUG Engine               - class com.almasb.fxgl.io.FileSystemService
17:12:47.617 [FXGL Background Thread 3 ] DEBUG Engine               - class com.almasb.fxgl.localization.LocalizationService
17:12:47.617 [FXGL Background Thread 3 ] DEBUG Engine               - class com.almasb.fxgl.app.services.SystemBundleService
17:12:47.617 [FXGL Background Thread 3 ] DEBUG Engine               - class com.almasb.fxgl.profile.SaveLoadService
17:12:47.617 [FXGL Background Thread 3 ] DEBUG Engine               - class com.almasb.fxgl.ui.FXGLUIFactoryServiceProvider
17:12:47.617 [FXGL Background Thread 3 ] DEBUG Engine               - class com.almasb.fxgl.ui.FXGLDialogFactoryServiceProvider
17:12:47.617 [FXGL Background Thread 3 ] DEBUG Engine               - class com.almasb.fxgl.audio.AudioPlayer
17:12:47.617 [FXGL Background Thread 3 ] DEBUG Engine               - class com.almasb.fxgl.notification.impl.NotificationServiceProvider
17:12:47.617 [FXGL Background Thread 3 ] DEBUG Engine               - class com.almasb.fxgl.achievement.AchievementService
17:12:47.618 [FXGL Background Thread 3 ] DEBUG Engine               - class com.almasb.fxgl.cutscene.CutsceneService
17:12:47.618 [FXGL Background Thread 3 ] DEBUG Engine               - class com.almasb.fxgl.minigames.MiniGameService
17:12:47.618 [FXGL Background Thread 3 ] DEBUG Engine               - class com.almasb.fxgl.net.NetService
17:12:47.618 [FXGL Background Thread 3 ] DEBUG Engine               - class com.almasb.fxgl.app.services.UpdaterService
17:12:47.618 [FXGL Background Thread 3 ] DEBUG Engine               - class com.almasb.fxgl.dev.DevService
17:12:51.227 [JavaFX Application Thread] DEBUG FXGLApplication      - Exiting FXGL
17:12:51.227 [JavaFX Application Thread] DEBUG LoopRunner           - Stopping loop
17:12:51.227 [JavaFX Application Thread] DEBUG SystemBundleService  - Saving FXGL system data
17:12:51.228 [JavaFX Application Thread] DEBUG FileSystemAccess     - Writing to: D:\study\projects\FinalWeek2048\system\fxgl.bundle
17:12:51.229 [JavaFX Application Thread] DEBUG Async                - Shutting down background threads
17:12:51.229 [JavaFX Application Thread] DEBUG PrimaryStageWindow   - Closing main window
17:12:51.238 [JavaFX Application Thread] DEBUG Logger               - Closing Logger
